Release 14.7 - xst P.20131013 (nt64)
Copyright (c) 1995-2013 Xilinx, Inc.  All rights reserved.
--> Parameter TMPDIR set to xst/projnav.tmp


Total REAL time to Xst completion: 1.00 secs
Total CPU time to Xst completion: 0.20 secs
 
--> Parameter xsthdpdir set to xst


Total REAL time to Xst completion: 1.00 secs
Total CPU time to Xst completion: 0.21 secs
 
--> Reading design: lab6_top_module.prj

TABLE OF CONTENTS
  1) Synthesis Options Summary
  2) HDL Parsing
  3) HDL Elaboration
  4) HDL Synthesis
       4.1) HDL Synthesis Report
  5) Advanced HDL Synthesis
       5.1) Advanced HDL Synthesis Report
  6) Low Level Synthesis
  7) Partition Report
  8) Design Summary
       8.1) Primitive and Black Box Usage
       8.2) Device utilization summary
       8.3) Partition Resource Summary
       8.4) Timing Report
            8.4.1) Clock Information
            8.4.2) Asynchronous Control Signals Information
            8.4.3) Timing Summary
            8.4.4) Timing Details
            8.4.5) Cross Clock Domains Report


=========================================================================
*                      Synthesis Options Summary                        *
=========================================================================
---- Source Parameters
Input File Name                    : "lab6_top_module.prj"
Ignore Synthesis Constraint File   : NO

---- Target Parameters
Output File Name                   : "lab6_top_module"
Output Format                      : NGC
Target Device                      : xc7a100t-3-csg324

---- Source Options
Top Module Name                    : lab6_top_module
Automatic FSM Extraction           : YES
FSM Encoding Algorithm             : Auto
Safe Implementation                : No
FSM Style                          : LUT
RAM Extraction                     : Yes
RAM Style                          : Auto
ROM Extraction                     : Yes
Shift Register Extraction          : YES
ROM Style                          : Auto
Resource Sharing                   : YES
Asynchronous To Synchronous        : NO
Shift Register Minimum Size        : 2
Use DSP Block                      : Auto
Automatic Register Balancing       : No

---- Target Options
LUT Combining                      : Auto
Reduce Control Sets                : Auto
Add IO Buffers                     : YES
Global Maximum Fanout              : 100000
Add Generic Clock Buffer(BUFG)     : 32
Register Duplication               : YES
Optimize Instantiated Primitives   : NO
Use Clock Enable                   : Auto
Use Synchronous Set                : Auto
Use Synchronous Reset              : Auto
Pack IO Registers into IOBs        : Auto
Equivalent register Removal        : YES

---- General Options
Optimization Goal                  : Speed
Optimization Effort                : 1
Power Reduction                    : NO
Keep Hierarchy                     : No
Netlist Hierarchy                  : As_Optimized
RTL Output                         : Yes
Global Optimization                : AllClockNets
Read Cores                         : YES
Write Timing Constraints           : NO
Cross Clock Analysis               : NO
Hierarchy Separator                : /
Bus Delimiter                      : <>
Case Specifier                     : Maintain
Slice Utilization Ratio            : 100
BRAM Utilization Ratio             : 100
DSP48 Utilization Ratio            : 100
Auto BRAM Packing                  : NO
Slice Utilization Ratio Delta      : 5

=========================================================================


=========================================================================
*                          HDL Parsing                                  *
=========================================================================
Analyzing Verilog file "D:\301\Lab6\Lab6-Jose's work\lab6\reg16.v" into library work
Parsing module <reg16>.
Analyzing Verilog file "D:\301\Lab6\Lab6-Jose's work\lab6\dec_3to8.v" into library work
Parsing module <dec_3to8>.
Analyzing Verilog file "D:\301\Lab6\Lab6-Jose's work\lab6\regFile.v" into library work
Parsing module <regFile>.
Analyzing Verilog file "D:\301\Lab6\Lab6-Jose's work\lab6\pixel_controller.v" into library work
Parsing module <pixel_controller>.
Analyzing Verilog file "D:\301\Lab6\Lab6-Jose's work\lab6\pixel_clk.v" into library work
Parsing module <pixel_clk>.
Analyzing Verilog file "D:\301\Lab6\Lab6-Jose's work\lab6\mux_8to1.v" into library work
Parsing module <mux_8to1>.
Analyzing Verilog file "D:\301\Lab6\Lab6-Jose's work\lab6\hex_to_7seg.v" into library work
Parsing module <hex_to_7seg>.
Analyzing Verilog file "D:\301\Lab6\Lab6-Jose's work\lab6\alu16.v" into library work
Parsing module <alu16>.
Analyzing Verilog file "D:\301\Lab6\Lab6-Jose's work\lab6\integer_datapath.v" into library work
Parsing module <integer_datapath>.
Analyzing Verilog file "D:\301\Lab6\Lab6-Jose's work\lab6\display_controller.v" into library work
Parsing module <display_controller>.
Analyzing Verilog file "D:\301\Lab6\Lab6-Jose's work\lab6\debounce.v" into library work
Parsing module <debounce>.
Analyzing Verilog file "D:\301\Lab6\Lab6-Jose's work\lab6\lab6_top_module.v" into library work
Parsing module <lab6_top_module>.

=========================================================================
*                            HDL Elaboration                            *
=========================================================================

Elaborating module <lab6_top_module>.

Elaborating module <debounce>.

Elaborating module <integer_datapath>.

Elaborating module <regFile>.

Elaborating module <dec_3to8>.

Elaborating module <reg16>.

Elaborating module <alu16>.
WARNING:HDLCompiler:413 - "D:\301\Lab6\Lab6-Jose's work\lab6\alu16.v" Line 37: Result of 32-bit expression is truncated to fit in 17-bit target.
WARNING:HDLCompiler:413 - "D:\301\Lab6\Lab6-Jose's work\lab6\alu16.v" Line 52: Result of 32-bit expression is truncated to fit in 17-bit target.

Elaborating module <display_controller>.

Elaborating module <pixel_clk>.

Elaborating module <pixel_controller>.

Elaborating module <mux_8to1>.

Elaborating module <hex_to_7seg>.

=========================================================================
*                           HDL Synthesis                               *
=========================================================================

Synthesizing Unit <lab6_top_module>.
    Related source file is "D:\301\Lab6\Lab6-Jose's work\lab6\lab6_top_module.v".
WARNING:Xst:647 - Input <sw<7:7>> is never used. This port will be preserved and left unconnected if it belongs to a top-level block or it belongs to a sub-block and the hierarchy of this sub-block is preserved.
WARNING:Xst:647 - Input <sw<9:9>> is never used. This port will be preserved and left unconnected if it belongs to a top-level block or it belongs to a sub-block and the hierarchy of this sub-block is preserved.
    Summary:
	no macro.
Unit <lab6_top_module> synthesized.

Synthesizing Unit <debounce>.
    Related source file is "D:\301\Lab6\Lab6-Jose's work\lab6\debounce.v".
    Found 1-bit register for signal <q1>.
    Found 1-bit register for signal <q2>.
    Found 1-bit register for signal <q3>.
    Found 1-bit register for signal <q4>.
    Found 1-bit register for signal <q5>.
    Found 1-bit register for signal <q6>.
    Found 1-bit register for signal <q7>.
    Found 1-bit register for signal <q8>.
    Found 1-bit register for signal <q9>.
    Found 1-bit register for signal <q0>.
    Summary:
	inferred  10 D-type flip-flop(s).
Unit <debounce> synthesized.

Synthesizing Unit <integer_datapath>.
    Related source file is "D:\301\Lab6\Lab6-Jose's work\lab6\integer_datapath.v".
    Summary:
	inferred   1 Multiplexer(s).
Unit <integer_datapath> synthesized.

Synthesizing Unit <regFile>.
    Related source file is "D:\301\Lab6\Lab6-Jose's work\lab6\regFile.v".
    Summary:
	no macro.
Unit <regFile> synthesized.

Synthesizing Unit <dec_3to8>.
    Related source file is "D:\301\Lab6\Lab6-Jose's work\lab6\dec_3to8.v".
    Found 16x8-bit Read Only RAM for signal <Y>
    Summary:
	inferred   1 RAM(s).
Unit <dec_3to8> synthesized.

Synthesizing Unit <reg16>.
    Related source file is "D:\301\Lab6\Lab6-Jose's work\lab6\reg16.v".
    Found 16-bit register for signal <Dout>.
    Found 1-bit tristate buffer for signal <DA<15>> created at line 41
    Found 1-bit tristate buffer for signal <DA<14>> created at line 41
    Found 1-bit tristate buffer for signal <DA<13>> created at line 41
    Found 1-bit tristate buffer for signal <DA<12>> created at line 41
    Found 1-bit tristate buffer for signal <DA<11>> created at line 41
    Found 1-bit tristate buffer for signal <DA<10>> created at line 41
    Found 1-bit tristate buffer for signal <DA<9>> created at line 41
    Found 1-bit tristate buffer for signal <DA<8>> created at line 41
    Found 1-bit tristate buffer for signal <DA<7>> created at line 41
    Found 1-bit tristate buffer for signal <DA<6>> created at line 41
    Found 1-bit tristate buffer for signal <DA<5>> created at line 41
    Found 1-bit tristate buffer for signal <DA<4>> created at line 41
    Found 1-bit tristate buffer for signal <DA<3>> created at line 41
    Found 1-bit tristate buffer for signal <DA<2>> created at line 41
    Found 1-bit tristate buffer for signal <DA<1>> created at line 41
    Found 1-bit tristate buffer for signal <DA<0>> created at line 41
    Found 1-bit tristate buffer for signal <DB<15>> created at line 42
    Found 1-bit tristate buffer for signal <DB<14>> created at line 42
    Found 1-bit tristate buffer for signal <DB<13>> created at line 42
    Found 1-bit tristate buffer for signal <DB<12>> created at line 42
    Found 1-bit tristate buffer for signal <DB<11>> created at line 42
    Found 1-bit tristate buffer for signal <DB<10>> created at line 42
    Found 1-bit tristate buffer for signal <DB<9>> created at line 42
    Found 1-bit tristate buffer for signal <DB<8>> created at line 42
    Found 1-bit tristate buffer for signal <DB<7>> created at line 42
    Found 1-bit tristate buffer for signal <DB<6>> created at line 42
    Found 1-bit tristate buffer for signal <DB<5>> created at line 42
    Found 1-bit tristate buffer for signal <DB<4>> created at line 42
    Found 1-bit tristate buffer for signal <DB<3>> created at line 42
    Found 1-bit tristate buffer for signal <DB<2>> created at line 42
    Found 1-bit tristate buffer for signal <DB<1>> created at line 42
    Found 1-bit tristate buffer for signal <DB<0>> created at line 42
    Summary:
	inferred  16 D-type flip-flop(s).
	inferred  32 Tristate(s).
Unit <reg16> synthesized.

Synthesizing Unit <alu16>.
    Related source file is "D:\301\Lab6\Lab6-Jose's work\lab6\alu16.v".
    Found 17-bit subtractor for signal <GND_39_o_GND_39_o_sub_2_OUT> created at line 37.
    Found 17-bit subtractor for signal <GND_39_o_GND_39_o_sub_4_OUT> created at line 39.
    Found 17-bit adder for signal <n0033> created at line 36.
    Found 17-bit adder for signal <n0036> created at line 38.
    Found 17-bit subtractor for signal <GND_39_o_GND_39_o_sub_9_OUT> created at line 52.
    Found 16-bit 15-to-1 multiplexer for signal <Y> created at line 33.
    Summary:
	inferred   5 Adder/Subtractor(s).
	inferred  11 Multiplexer(s).
Unit <alu16> synthesized.

Synthesizing Unit <display_controller>.
    Related source file is "D:\301\Lab6\Lab6-Jose's work\lab6\display_controller.v".
    Summary:
	no macro.
Unit <display_controller> synthesized.

Synthesizing Unit <pixel_clk>.
    Related source file is "D:\301\Lab6\Lab6-Jose's work\lab6\pixel_clk.v".
    Found 32-bit register for signal <i>.
    Found 1-bit register for signal <clk_out>.
    Found 32-bit adder for signal <i[31]_GND_41_o_add_1_OUT> created at line 34.
    Found 32-bit comparator greater for signal <i[31]_GND_41_o_LessThan_3_o> created at line 35
    Summary:
	inferred   1 Adder/Subtractor(s).
	inferred  33 D-type flip-flop(s).
	inferred   1 Comparator(s).
	inferred   1 Multiplexer(s).
Unit <pixel_clk> synthesized.

Synthesizing Unit <pixel_controller>.
    Related source file is "D:\301\Lab6\Lab6-Jose's work\lab6\pixel_controller.v".
    Found 8-bit register for signal <present_state>.
    Found finite state machine <FSM_0> for signal <present_state>.
    -----------------------------------------------------------------------
    | States             | 8                                              |
    | Transitions        | 15                                             |
    | Inputs             | 1                                              |
    | Outputs            | 11                                             |
    | Clock              | clk (rising_edge)                              |
    | Reset              | reset (positive)                               |
    | Reset type         | asynchronous                                   |
    | Reset State        | 00000000                                       |
    | Encoding           | auto                                           |
    | Implementation     | LUT                                            |
    -----------------------------------------------------------------------
    Summary:
	inferred   1 Finite State Machine(s).
Unit <pixel_controller> synthesized.

Synthesizing Unit <mux_8to1>.
    Related source file is "D:\301\Lab6\Lab6-Jose's work\lab6\mux_8to1.v".
    Found 4-bit 8-to-1 multiplexer for signal <mux_out> created at line 30.
    Summary:
	inferred   1 Multiplexer(s).
Unit <mux_8to1> synthesized.

Synthesizing Unit <hex_to_7seg>.
    Related source file is "D:\301\Lab6\Lab6-Jose's work\lab6\hex_to_7seg.v".
    Found 16x7-bit Read Only RAM for signal <_n0024>
    Summary:
	inferred   1 RAM(s).
Unit <hex_to_7seg> synthesized.

=========================================================================
HDL Synthesis Report

Macro Statistics
# RAMs                                                 : 4
 16x7-bit single-port Read Only RAM                    : 1
 16x8-bit single-port Read Only RAM                    : 3
# Adders/Subtractors                                   : 6
 17-bit adder                                          : 2
 17-bit subtractor                                     : 3
 32-bit adder                                          : 1
# Registers                                            : 20
 1-bit register                                        : 11
 16-bit register                                       : 8
 32-bit register                                       : 1
# Comparators                                          : 1
 32-bit comparator greater                             : 1
# Multiplexers                                         : 14
 1-bit 2-to-1 multiplexer                              : 10
 16-bit 15-to-1 multiplexer                            : 1
 16-bit 2-to-1 multiplexer                             : 1
 32-bit 2-to-1 multiplexer                             : 1
 4-bit 8-to-1 multiplexer                              : 1
# Tristates                                            : 256
 1-bit tristate buffer                                 : 256
# FSMs                                                 : 1
# Xors                                                 : 1
 16-bit xor2                                           : 1

=========================================================================

=========================================================================
*                       Advanced HDL Synthesis                          *
=========================================================================


Synthesizing (advanced) Unit <dec_3to8>.
INFO:Xst:3218 - HDL ADVISOR - The RAM <Mram_Y> will be implemented on LUTs either because you have described an asynchronous read or because of currently unsupported block RAM features. If you have described an asynchronous read, making it synchronous would allow you to take advantage of available block RAM resources, for optimized device usage and improved timings. Please refer to your documentation for coding guidelines.
    -----------------------------------------------------------------------
    | ram_type           | Distributed                         |          |
    -----------------------------------------------------------------------
    | Port A                                                              |
    |     aspect ratio   | 16-word x 8-bit                     |          |
    |     weA            | connected to signal <GND>           | high     |
    |     addrA          | connected to signal <(en,In)>       |          |
    |     diA            | connected to signal <GND>           |          |
    |     doA            | connected to signal <Y>             |          |
    -----------------------------------------------------------------------
Unit <dec_3to8> synthesized (advanced).

Synthesizing (advanced) Unit <hex_to_7seg>.
INFO:Xst:3218 - HDL ADVISOR - The RAM <Mram__n0024> will be implemented on LUTs either because you have described an asynchronous read or because of currently unsupported block RAM features. If you have described an asynchronous read, making it synchronous would allow you to take advantage of available block RAM resources, for optimized device usage and improved timings. Please refer to your documentation for coding guidelines.
    -----------------------------------------------------------------------
    | ram_type           | Distributed                         |          |
    -----------------------------------------------------------------------
    | Port A                                                              |
    |     aspect ratio   | 16-word x 7-bit                     |          |
    |     weA            | connected to signal <GND>           | high     |
    |     addrA          | connected to signal <hexadecimal>   |          |
    |     diA            | connected to signal <GND>           |          |
    |     doA            | connected to internal node          |          |
    -----------------------------------------------------------------------
Unit <hex_to_7seg> synthesized (advanced).

=========================================================================
Advanced HDL Synthesis Report

Macro Statistics
# RAMs                                                 : 4
 16x7-bit single-port distributed Read Only RAM        : 1
 16x8-bit single-port distributed Read Only RAM        : 3
# Adders/Subtractors                                   : 6
 17-bit adder                                          : 2
 17-bit subtractor                                     : 3
 32-bit adder                                          : 1
# Registers                                            : 171
 Flip-Flops                                            : 171
# Comparators                                          : 1
 32-bit comparator greater                             : 1
# Multiplexers                                         : 14
 1-bit 2-to-1 multiplexer                              : 10
 16-bit 15-to-1 multiplexer                            : 1
 16-bit 2-to-1 multiplexer                             : 1
 32-bit 2-to-1 multiplexer                             : 1
 4-bit 8-to-1 multiplexer                              : 1
# FSMs                                                 : 1
# Xors                                                 : 1
 16-bit xor2                                           : 1

=========================================================================

=========================================================================
*                         Low Level Synthesis                           *
=========================================================================
Analyzing FSM <MFsm> for best encoding.
Optimizing FSM <FSM_0> on signal <present_state[1:3]> with sequential encoding.
----------------------
 State    | Encoding
----------------------
 00000000 | 000
 00000001 | 001
 00000010 | 010
 00000011 | 011
 00000100 | 100
 00000101 | 101
 00000110 | 110
 00000111 | 111
----------------------
WARNING:Xst:2040 - Unit regFile: 32 multi-source signals are replaced by logic (pull-up yes): R<0>, R<10>, R<11>, R<12>, R<13>, R<14>, R<15>, R<1>, R<2>, R<3>, R<4>, R<5>, R<6>, R<7>, R<8>, R<9>, S<0>, S<10>, S<11>, S<12>, S<13>, S<14>, S<15>, S<1>, S<2>, S<3>, S<4>, S<5>, S<6>, S<7>, S<8>, S<9>.

Optimizing unit <lab6_top_module> ...

Optimizing unit <debounce> ...

Optimizing unit <pixel_clk> ...

Optimizing unit <regFile> ...

Optimizing unit <alu16> ...
WARNING:Xst:1710 - FF/Latch <disp_cont/pix_clk/i_31> (without init value) has a constant value of 0 in block <lab6_top_module>. This FF/Latch will be trimmed during the optimization process.
WARNING:Xst:1895 - Due to other FF/Latch trimming, FF/Latch <disp_cont/pix_clk/i_30> (without init value) has a constant value of 0 in block <lab6_top_module>. This FF/Latch will be trimmed during the optimization process.
WARNING:Xst:1895 - Due to other FF/Latch trimming, FF/Latch <disp_cont/pix_clk/i_29> (without init value) has a constant value of 0 in block <lab6_top_module>. This FF/Latch will be trimmed during the optimization process.
WARNING:Xst:1895 - Due to other FF/Latch trimming, FF/Latch <disp_cont/pix_clk/i_28> (without init value) has a constant value of 0 in block <lab6_top_module>. This FF/Latch will be trimmed during the optimization process.
WARNING:Xst:1895 - Due to other FF/Latch trimming, FF/Latch <disp_cont/pix_clk/i_27> (without init value) has a constant value of 0 in block <lab6_top_module>. This FF/Latch will be trimmed during the optimization process.
WARNING:Xst:1895 - Due to other FF/Latch trimming, FF/Latch <disp_cont/pix_clk/i_26> (without init value) has a constant value of 0 in block <lab6_top_module>. This FF/Latch will be trimmed during the optimization process.
WARNING:Xst:1895 - Due to other FF/Latch trimming, FF/Latch <disp_cont/pix_clk/i_25> (without init value) has a constant value of 0 in block <lab6_top_module>. This FF/Latch will be trimmed during the optimization process.
WARNING:Xst:1895 - Due to other FF/Latch trimming, FF/Latch <disp_cont/pix_clk/i_24> (without init value) has a constant value of 0 in block <lab6_top_module>. This FF/Latch will be trimmed during the optimization process.
WARNING:Xst:1895 - Due to other FF/Latch trimming, FF/Latch <disp_cont/pix_clk/i_23> (without init value) has a constant value of 0 in block <lab6_top_module>. This FF/Latch will be trimmed during the optimization process.
WARNING:Xst:1895 - Due to other FF/Latch trimming, FF/Latch <disp_cont/pix_clk/i_22> (without init value) has a constant value of 0 in block <lab6_top_module>. This FF/Latch will be trimmed during the optimization process.
WARNING:Xst:1895 - Due to other FF/Latch trimming, FF/Latch <disp_cont/pix_clk/i_21> (without init value) has a constant value of 0 in block <lab6_top_module>. This FF/Latch will be trimmed during the optimization process.
WARNING:Xst:1895 - Due to other FF/Latch trimming, FF/Latch <disp_cont/pix_clk/i_20> (without init value) has a constant value of 0 in block <lab6_top_module>. This FF/Latch will be trimmed during the optimization process.
WARNING:Xst:1895 - Due to other FF/Latch trimming, FF/Latch <disp_cont/pix_clk/i_19> (without init value) has a constant value of 0 in block <lab6_top_module>. This FF/Latch will be trimmed during the optimization process.
WARNING:Xst:1895 - Due to other FF/Latch trimming, FF/Latch <disp_cont/pix_clk/i_18> (without init value) has a constant value of 0 in block <lab6_top_module>. This FF/Latch will be trimmed during the optimization process.
WARNING:Xst:1895 - Due to other FF/Latch trimming, FF/Latch <disp_cont/pix_clk/i_17> (without init value) has a constant value of 0 in block <lab6_top_module>. This FF/Latch will be trimmed during the optimization process.

Mapping all equations...
Building and optimizing final netlist ...
Found area constraint ratio of 100 (+ 5) on block lab6_top_module, actual ratio is 0.

Final Macro Processing ...

=========================================================================
Final Register Report

Macro Statistics
# Registers                                            : 159
 Flip-Flops                                            : 159

=========================================================================

=========================================================================
*                           Partition Report                            *
=========================================================================

Partition Implementation Status
-------------------------------

  No Partitions were found in this design.

-------------------------------

=========================================================================
*                            Design Summary                             *
=========================================================================

Top Level Output File Name         : lab6_top_module.ngc

Primitive and Black Box Usage:
------------------------------
# BELS                             : 570
#      GND                         : 1
#      INV                         : 2
#      LUT1                        : 17
#      LUT2                        : 20
#      LUT3                        : 32
#      LUT4                        : 119
#      LUT5                        : 12
#      LUT6                        : 153
#      MUXCY                       : 104
#      MUXF7                       : 8
#      VCC                         : 1
#      XORCY                       : 101
# FlipFlops/Latches                : 159
#      FDC                         : 31
#      FDCE                        : 128
# Clock Buffers                    : 2
#      BUFG                        : 1
#      BUFGP                       : 1
# IO Buffers                       : 34
#      IBUF                        : 16
#      OBUF                        : 18

Device utilization summary:
---------------------------

Selected Device : 7a100tcsg324-3 


Slice Logic Utilization: 
 Number of Slice Registers:             159  out of  126800     0%  
 Number of Slice LUTs:                  355  out of  63400     0%  
    Number used as Logic:               355  out of  63400     0%  

Slice Logic Distribution: 
 Number of LUT Flip Flop pairs used:    452
   Number with an unused Flip Flop:     293  out of    452    64%  
   Number with an unused LUT:            97  out of    452    21%  
   Number of fully used LUT-FF pairs:    62  out of    452    13%  
   Number of unique control sets:        10

IO Utilization: 
 Number of IOs:                          37
 Number of bonded IOBs:                  35  out of    210    16%  

Specific Feature Utilization:
 Number of BUFG/BUFGCTRLs:                2  out of     32     6%  

---------------------------
Partition Resource Summary:
---------------------------

  No Partitions were found in this design.

---------------------------


=========================================================================
Timing Report

NOTE: THESE TIMING NUMBERS ARE ONLY A SYNTHESIS ESTIMATE.
      FOR ACCURATE TIMING INFORMATION PLEASE REFER TO THE TRACE REPORT
      GENERATED AFTER PLACE-and-ROUTE.

Clock Information:
------------------
-----------------------------------+------------------------------------------------+-------+
Clock Signal                       | Clock buffer(FF name)                          | Load  |
-----------------------------------+------------------------------------------------+-------+
disp_cont/pix_clk/clk_out          | NONE(disp_cont/pix_cont/present_state_FSM_FFd3)| 3     |
clk                                | BUFGP                                          | 28    |
w_oneshot_out(oneshot/D_out:O)     | BUFG(*)(int_path/reg_File/R0/Dout_0)           | 128   |
-----------------------------------+------------------------------------------------+-------+
(*) This 1 clock signal(s) are generated by combinatorial logic,
and XST is not able to identify which are the primary clock signals.
Please use the CLOCK_SIGNAL constraint to specify the clock signal(s) generated by combinatorial logic.
INFO:Xst:2169 - HDL ADVISOR - Some clock signals were not automatically buffered by XST with BUFG/BUFR resources. Please use the buffer_type constraint in order to insert these buffers to the clock signals to help prevent skew problems.

Asynchronous Control Signals Information:
----------------------------------------
No asynchronous control signals found in this design

Timing Summary:
---------------
Speed Grade: -3

   Minimum period: 3.860ns (Maximum Frequency: 259.034MHz)
   Minimum input arrival time before clock: 3.734ns
   Maximum output required time after clock: 5.721ns
   Maximum combinational path delay: 5.595ns

Timing Details:
---------------
All values displayed in nanoseconds (ns)

=========================================================================
Timing constraint: Default period analysis for Clock 'disp_cont/pix_clk/clk_out'
  Clock period: 1.124ns (frequency: 889.759MHz)
  Total number of paths / destination ports: 6 / 3
-------------------------------------------------------------------------
Delay:               1.124ns (Levels of Logic = 1)
  Source:            disp_cont/pix_cont/present_state_FSM_FFd3 (FF)
  Destination:       disp_cont/pix_cont/present_state_FSM_FFd3 (FF)
  Source Clock:      disp_cont/pix_clk/clk_out rising
  Destination Clock: disp_cont/pix_clk/clk_out rising

  Data Path: disp_cont/pix_cont/present_state_FSM_FFd3 to disp_cont/pix_cont/present_state_FSM_FFd3
                                Gate     Net
    Cell:in->out      fanout   Delay   Delay  Logical Name (Net Name)
    ----------------------------------------  ------------
     FDC:C->Q             19   0.361   0.363  disp_cont/pix_cont/present_state_FSM_FFd3 (disp_cont/pix_cont/present_state_FSM_FFd3)
     INV:I->O              1   0.113   0.279  disp_cont/pix_cont/present_state_FSM_FFd3-In1_INV_0 (disp_cont/pix_cont/present_state_FSM_FFd3-In)
     FDC:D                     0.008          disp_cont/pix_cont/present_state_FSM_FFd3
    ----------------------------------------
    Total                      1.124ns (0.482ns logic, 0.642ns route)
                                       (42.9% logic, 57.1% route)

=========================================================================
Timing constraint: Default period analysis for Clock 'clk'
  Clock period: 3.437ns (frequency: 290.909MHz)
  Total number of paths / destination ports: 5221 / 27
-------------------------------------------------------------------------
Delay:               3.437ns (Levels of Logic = 21)
  Source:            disp_cont/pix_clk/i_0 (FF)
  Destination:       disp_cont/pix_clk/i_16 (FF)
  Source Clock:      clk rising
  Destination Clock: clk rising

  Data Path: disp_cont/pix_clk/i_0 to disp_cont/pix_clk/i_16
                                Gate     Net
    Cell:in->out      fanout   Delay   Delay  Logical Name (Net Name)
    ----------------------------------------  ------------
     FDC:C->Q              1   0.361   0.279  disp_cont/pix_clk/i_0 (disp_cont/pix_clk/i_0)
     INV:I->O              1   0.113   0.000  disp_cont/pix_clk/Madd_i[31]_GND_41_o_add_1_OUT_lut<0>_INV_0 (disp_cont/pix_clk/Madd_i[31]_GND_41_o_add_1_OUT_lut<0>)
     MUXCY:S->O            1   0.353   0.000  disp_cont/pix_clk/Madd_i[31]_GND_41_o_add_1_OUT_cy<0> (disp_cont/pix_clk/Madd_i[31]_GND_41_o_add_1_OUT_cy<0>)
     MUXCY:CI->O           1   0.023   0.000  disp_cont/pix_clk/Madd_i[31]_GND_41_o_add_1_OUT_cy<1> (disp_cont/pix_clk/Madd_i[31]_GND_41_o_add_1_OUT_cy<1>)
     MUXCY:CI->O           1   0.023   0.000  disp_cont/pix_clk/Madd_i[31]_GND_41_o_add_1_OUT_cy<2> (disp_cont/pix_clk/Madd_i[31]_GND_41_o_add_1_OUT_cy<2>)
     MUXCY:CI->O           1   0.023   0.000  disp_cont/pix_clk/Madd_i[31]_GND_41_o_add_1_OUT_cy<3> (disp_cont/pix_clk/Madd_i[31]_GND_41_o_add_1_OUT_cy<3>)
     MUXCY:CI->O           1   0.023   0.000  disp_cont/pix_clk/Madd_i[31]_GND_41_o_add_1_OUT_cy<4> (disp_cont/pix_clk/Madd_i[31]_GND_41_o_add_1_OUT_cy<4>)
     MUXCY:CI->O           1   0.023   0.000  disp_cont/pix_clk/Madd_i[31]_GND_41_o_add_1_OUT_cy<5> (disp_cont/pix_clk/Madd_i[31]_GND_41_o_add_1_OUT_cy<5>)
     MUXCY:CI->O           1   0.023   0.000  disp_cont/pix_clk/Madd_i[31]_GND_41_o_add_1_OUT_cy<6> (disp_cont/pix_clk/Madd_i[31]_GND_41_o_add_1_OUT_cy<6>)
     MUXCY:CI->O           1   0.023   0.000  disp_cont/pix_clk/Madd_i[31]_GND_41_o_add_1_OUT_cy<7> (disp_cont/pix_clk/Madd_i[31]_GND_41_o_add_1_OUT_cy<7>)
     MUXCY:CI->O           1   0.023   0.000  disp_cont/pix_clk/Madd_i[31]_GND_41_o_add_1_OUT_cy<8> (disp_cont/pix_clk/Madd_i[31]_GND_41_o_add_1_OUT_cy<8>)
     MUXCY:CI->O           1   0.023   0.000  disp_cont/pix_clk/Madd_i[31]_GND_41_o_add_1_OUT_cy<9> (disp_cont/pix_clk/Madd_i[31]_GND_41_o_add_1_OUT_cy<9>)
     MUXCY:CI->O           1   0.023   0.000  disp_cont/pix_clk/Madd_i[31]_GND_41_o_add_1_OUT_cy<10> (disp_cont/pix_clk/Madd_i[31]_GND_41_o_add_1_OUT_cy<10>)
     MUXCY:CI->O           1   0.023   0.000  disp_cont/pix_clk/Madd_i[31]_GND_41_o_add_1_OUT_cy<11> (disp_cont/pix_clk/Madd_i[31]_GND_41_o_add_1_OUT_cy<11>)
     MUXCY:CI->O           1   0.023   0.000  disp_cont/pix_clk/Madd_i[31]_GND_41_o_add_1_OUT_cy<12> (disp_cont/pix_clk/Madd_i[31]_GND_41_o_add_1_OUT_cy<12>)
     XORCY:CI->O           2   0.370   0.688  disp_cont/pix_clk/Madd_i[31]_GND_41_o_add_1_OUT_xor<13> (disp_cont/pix_clk/i[31]_GND_41_o_add_1_OUT<13>)
     LUT5:I0->O            1   0.097   0.000  disp_cont/pix_clk/Mcompar_i[31]_GND_41_o_LessThan_3_o_lut<2> (disp_cont/pix_clk/Mcompar_i[31]_GND_41_o_LessThan_3_o_lut<2>)
     MUXCY:S->O            1   0.353   0.000  disp_cont/pix_clk/Mcompar_i[31]_GND_41_o_LessThan_3_o_cy<2> (disp_cont/pix_clk/Mcompar_i[31]_GND_41_o_LessThan_3_o_cy<2>)
     MUXCY:CI->O           1   0.023   0.000  disp_cont/pix_clk/Mcompar_i[31]_GND_41_o_LessThan_3_o_cy<3> (disp_cont/pix_clk/Mcompar_i[31]_GND_41_o_LessThan_3_o_cy<3>)
     MUXCY:CI->O           1   0.023   0.000  disp_cont/pix_clk/Mcompar_i[31]_GND_41_o_LessThan_3_o_cy<4> (disp_cont/pix_clk/Mcompar_i[31]_GND_41_o_LessThan_3_o_cy<4>)
     MUXCY:CI->O          18   0.023   0.374  disp_cont/pix_clk/Mcompar_i[31]_GND_41_o_LessThan_3_o_cy<5> (disp_cont/pix_clk/Mcompar_i[31]_GND_41_o_LessThan_3_o_cy<5>)
     LUT2:I1->O            1   0.097   0.000  disp_cont/pix_clk/Mmux_i[31]_GND_41_o_mux_3_OUT21 (disp_cont/pix_clk/i[31]_GND_41_o_mux_3_OUT<10>)
     FDC:D                     0.008          disp_cont/pix_clk/i_10
    ----------------------------------------
    Total                      3.437ns (2.097ns logic, 1.340ns route)
                                       (61.0% logic, 39.0% route)

=========================================================================
Timing constraint: Default period analysis for Clock 'w_oneshot_out'
  Clock period: 3.860ns (frequency: 259.034MHz)
  Total number of paths / destination ports: 83328 / 128
-------------------------------------------------------------------------
Delay:               3.860ns (Levels of Logic = 21)
  Source:            int_path/reg_File/R2/Dout_0 (FF)
  Destination:       int_path/reg_File/R0/Dout_15 (FF)
  Source Clock:      w_oneshot_out rising
  Destination Clock: w_oneshot_out rising

  Data Path: int_path/reg_File/R2/Dout_0 to int_path/reg_File/R0/Dout_15
                                Gate     Net
    Cell:in->out      fanout   Delay   Delay  Logical Name (Net Name)
    ----------------------------------------  ------------
     FDCE:C->Q             3   0.361   0.566  int_path/reg_File/R2/Dout_0 (int_path/reg_File/R2/Dout_0)
     LUT6:I2->O            4   0.097   0.393  int_path/Mmux_w_smux_out11 (int_path/Mmux_w_smux_out1)
     LUT4:I2->O            7   0.097   0.323  int_path/Mmux_w_smux_out13 (int_path/w_smux_out<0>)
     LUT4:I3->O            1   0.097   0.000  int_path/alu/Madd_n0036_lut<0>1 (int_path/alu/Madd_n0036_lut<0>1)
     MUXCY:S->O            1   0.353   0.000  int_path/alu/Madd_n0036_cy<0> (int_path/alu/Madd_n0036_cy<0>)
     MUXCY:CI->O           1   0.023   0.000  int_path/alu/Madd_n0036_cy<1> (int_path/alu/Madd_n0036_cy<1>)
     MUXCY:CI->O           1   0.023   0.000  int_path/alu/Madd_n0036_cy<2> (int_path/alu/Madd_n0036_cy<2>)
     MUXCY:CI->O           1   0.023   0.000  int_path/alu/Madd_n0036_cy<3> (int_path/alu/Madd_n0036_cy<3>)
     MUXCY:CI->O           1   0.023   0.000  int_path/alu/Madd_n0036_cy<4> (int_path/alu/Madd_n0036_cy<4>)
     MUXCY:CI->O           1   0.023   0.000  int_path/alu/Madd_n0036_cy<5> (int_path/alu/Madd_n0036_cy<5>)
     MUXCY:CI->O           1   0.023   0.000  int_path/alu/Madd_n0036_cy<6> (int_path/alu/Madd_n0036_cy<6>)
     MUXCY:CI->O           1   0.023   0.000  int_path/alu/Madd_n0036_cy<7> (int_path/alu/Madd_n0036_cy<7>)
     MUXCY:CI->O           1   0.023   0.000  int_path/alu/Madd_n0036_cy<8> (int_path/alu/Madd_n0036_cy<8>)
     MUXCY:CI->O           1   0.023   0.000  int_path/alu/Madd_n0036_cy<9> (int_path/alu/Madd_n0036_cy<9>)
     MUXCY:CI->O           1   0.023   0.000  int_path/alu/Madd_n0036_cy<10> (int_path/alu/Madd_n0036_cy<10>)
     MUXCY:CI->O           1   0.023   0.000  int_path/alu/Madd_n0036_cy<11> (int_path/alu/Madd_n0036_cy<11>)
     MUXCY:CI->O           1   0.023   0.000  int_path/alu/Madd_n0036_cy<12> (int_path/alu/Madd_n0036_cy<12>)
     MUXCY:CI->O           1   0.023   0.000  int_path/alu/Madd_n0036_cy<13> (int_path/alu/Madd_n0036_cy<13>)
     MUXCY:CI->O           1   0.023   0.000  int_path/alu/Madd_n0036_cy<14> (int_path/alu/Madd_n0036_cy<14>)
     XORCY:CI->O           1   0.370   0.379  int_path/alu/Madd_n0036_xor<15> (int_path/alu/n0036<15>)
     LUT5:I3->O            2   0.097   0.299  int_path/alu/Alu_Op<3>_710 (int_path/alu/Alu_Op<3>_710)
     LUT6:I5->O           10   0.097   0.000  int_path/alu/Alu_Op<3>61 (N_OBUF)
     FDCE:D                    0.008          int_path/reg_File/R7/Dout_15
    ----------------------------------------
    Total                      3.860ns (1.899ns logic, 1.962ns route)
                                       (49.2% logic, 50.8% route)

=========================================================================
Timing constraint: Default OFFSET IN BEFORE for Clock 'disp_cont/pix_clk/clk_out'
  Total number of paths / destination ports: 3 / 3
-------------------------------------------------------------------------
Offset:              0.756ns (Levels of Logic = 1)
  Source:            reset (PAD)
  Destination:       disp_cont/pix_cont/present_state_FSM_FFd3 (FF)
  Destination Clock: disp_cont/pix_clk/clk_out rising

  Data Path: reset to disp_cont/pix_cont/present_state_FSM_FFd3
                                Gate     Net
    Cell:in->out      fanout   Delay   Delay  Logical Name (Net Name)
    ----------------------------------------  ------------
     IBUF:I->O           159   0.001   0.406  reset_IBUF (reset_IBUF)
     FDC:CLR                   0.349          disp_cont/pix_cont/present_state_FSM_FFd3
    ----------------------------------------
    Total                      0.756ns (0.350ns logic, 0.406ns route)
                                       (46.3% logic, 53.7% route)

=========================================================================
Timing constraint: Default OFFSET IN BEFORE for Clock 'clk'
  Total number of paths / destination ports: 29 / 29
-------------------------------------------------------------------------
Offset:              0.756ns (Levels of Logic = 1)
  Source:            reset (PAD)
  Destination:       oneshot/q9 (FF)
  Destination Clock: clk rising

  Data Path: reset to oneshot/q9
                                Gate     Net
    Cell:in->out      fanout   Delay   Delay  Logical Name (Net Name)
    ----------------------------------------  ------------
     IBUF:I->O           159   0.001   0.406  reset_IBUF (reset_IBUF)
     FDC:CLR                   0.349          oneshot/q0
    ----------------------------------------
    Total                      0.756ns (0.350ns logic, 0.406ns route)
                                       (46.3% logic, 53.7% route)

=========================================================================
Timing constraint: Default OFFSET IN BEFORE for Clock 'w_oneshot_out'
  Total number of paths / destination ports: 59936 / 384
-------------------------------------------------------------------------
Offset:              3.734ns (Levels of Logic = 22)
  Source:            sw<11> (PAD)
  Destination:       int_path/reg_File/R0/Dout_15 (FF)
  Destination Clock: w_oneshot_out rising

  Data Path: sw<11> to int_path/reg_File/R0/Dout_15
                                Gate     Net
    Cell:in->out      fanout   Delay   Delay  Logical Name (Net Name)
    ----------------------------------------  ------------
     IBUF:I->O            32   0.001   0.800  sw_11_IBUF (sw_11_IBUF)
     LUT6:I0->O            4   0.097   0.393  int_path/Mmux_w_smux_out11 (int_path/Mmux_w_smux_out1)
     LUT4:I2->O            7   0.097   0.323  int_path/Mmux_w_smux_out13 (int_path/w_smux_out<0>)
     LUT4:I3->O            1   0.097   0.000  int_path/alu/Madd_n0036_lut<0>1 (int_path/alu/Madd_n0036_lut<0>1)
     MUXCY:S->O            1   0.353   0.000  int_path/alu/Madd_n0036_cy<0> (int_path/alu/Madd_n0036_cy<0>)
     MUXCY:CI->O           1   0.023   0.000  int_path/alu/Madd_n0036_cy<1> (int_path/alu/Madd_n0036_cy<1>)
     MUXCY:CI->O           1   0.023   0.000  int_path/alu/Madd_n0036_cy<2> (int_path/alu/Madd_n0036_cy<2>)
     MUXCY:CI->O           1   0.023   0.000  int_path/alu/Madd_n0036_cy<3> (int_path/alu/Madd_n0036_cy<3>)
     MUXCY:CI->O           1   0.023   0.000  int_path/alu/Madd_n0036_cy<4> (int_path/alu/Madd_n0036_cy<4>)
     MUXCY:CI->O           1   0.023   0.000  int_path/alu/Madd_n0036_cy<5> (int_path/alu/Madd_n0036_cy<5>)
     MUXCY:CI->O           1   0.023   0.000  int_path/alu/Madd_n0036_cy<6> (int_path/alu/Madd_n0036_cy<6>)
     MUXCY:CI->O           1   0.023   0.000  int_path/alu/Madd_n0036_cy<7> (int_path/alu/Madd_n0036_cy<7>)
     MUXCY:CI->O           1   0.023   0.000  int_path/alu/Madd_n0036_cy<8> (int_path/alu/Madd_n0036_cy<8>)
     MUXCY:CI->O           1   0.023   0.000  int_path/alu/Madd_n0036_cy<9> (int_path/alu/Madd_n0036_cy<9>)
     MUXCY:CI->O           1   0.023   0.000  int_path/alu/Madd_n0036_cy<10> (int_path/alu/Madd_n0036_cy<10>)
     MUXCY:CI->O           1   0.023   0.000  int_path/alu/Madd_n0036_cy<11> (int_path/alu/Madd_n0036_cy<11>)
     MUXCY:CI->O           1   0.023   0.000  int_path/alu/Madd_n0036_cy<12> (int_path/alu/Madd_n0036_cy<12>)
     MUXCY:CI->O           1   0.023   0.000  int_path/alu/Madd_n0036_cy<13> (int_path/alu/Madd_n0036_cy<13>)
     MUXCY:CI->O           1   0.023   0.000  int_path/alu/Madd_n0036_cy<14> (int_path/alu/Madd_n0036_cy<14>)
     XORCY:CI->O           1   0.370   0.379  int_path/alu/Madd_n0036_xor<15> (int_path/alu/n0036<15>)
     LUT5:I3->O            2   0.097   0.299  int_path/alu/Alu_Op<3>_710 (int_path/alu/Alu_Op<3>_710)
     LUT6:I5->O           10   0.097   0.000  int_path/alu/Alu_Op<3>61 (N_OBUF)
     FDCE:D                    0.008          int_path/reg_File/R7/Dout_15
    ----------------------------------------
    Total                      3.734ns (1.539ns logic, 2.195ns route)
                                       (41.2% logic, 58.8% route)

=========================================================================
Timing constraint: Default OFFSET OUT AFTER for Clock 'disp_cont/pix_clk/clk_out'
  Total number of paths / destination ports: 164 / 15
-------------------------------------------------------------------------
Offset:              2.469ns (Levels of Logic = 4)
  Source:            disp_cont/pix_cont/present_state_FSM_FFd2 (FF)
  Destination:       a (PAD)
  Source Clock:      disp_cont/pix_clk/clk_out rising

  Data Path: disp_cont/pix_cont/present_state_FSM_FFd2 to a
                                Gate     Net
    Cell:in->out      fanout   Delay   Delay  Logical Name (Net Name)
    ----------------------------------------  ------------
     FDC:C->Q             18   0.361   0.772  disp_cont/pix_cont/present_state_FSM_FFd2 (disp_cont/pix_cont/present_state_FSM_FFd2)
     LUT6:I0->O            1   0.097   0.000  disp_cont/mux8to1/Mmux_mux_out_3 (disp_cont/mux8to1/Mmux_mux_out_3)
     MUXF7:I1->O           7   0.279   0.584  disp_cont/mux8to1/Mmux_mux_out_2_f7 (disp_cont/w_mux_out<0>)
     LUT4:I0->O            1   0.097   0.279  disp_cont/hex7seg/Mram__n002441 (e_OBUF)
     OBUF:I->O                 0.000          e_OBUF (e)
    ----------------------------------------
    Total                      2.469ns (0.834ns logic, 1.635ns route)
                                       (33.8% logic, 66.2% route)

=========================================================================
Timing constraint: Default OFFSET OUT AFTER for Clock 'w_oneshot_out'
  Total number of paths / destination ports: 86576 / 10
-------------------------------------------------------------------------
Offset:              5.721ns (Levels of Logic = 15)
  Source:            int_path/reg_File/R2/Dout_0 (FF)
  Destination:       Z (PAD)
  Source Clock:      w_oneshot_out rising

  Data Path: int_path/reg_File/R2/Dout_0 to Z
                                Gate     Net
    Cell:in->out      fanout   Delay   Delay  Logical Name (Net Name)
    ----------------------------------------  ------------
     FDCE:C->Q             3   0.361   0.566  int_path/reg_File/R2/Dout_0 (int_path/reg_File/R2/Dout_0)
     LUT6:I2->O            4   0.097   0.393  int_path/Mmux_w_smux_out11 (int_path/Mmux_w_smux_out1)
     LUT4:I2->O            7   0.097   0.323  int_path/Mmux_w_smux_out13 (int_path/w_smux_out<0>)
     LUT4:I3->O            1   0.097   0.000  int_path/alu/Msub_GND_39_o_GND_39_o_sub_4_OUT_lut<0> (int_path/alu/Msub_GND_39_o_GND_39_o_sub_4_OUT_lut<0>)
     MUXCY:S->O            1   0.353   0.000  int_path/alu/Msub_GND_39_o_GND_39_o_sub_4_OUT_cy<0> (int_path/alu/Msub_GND_39_o_GND_39_o_sub_4_OUT_cy<0>)
     MUXCY:CI->O           1   0.023   0.000  int_path/alu/Msub_GND_39_o_GND_39_o_sub_4_OUT_cy<1> (int_path/alu/Msub_GND_39_o_GND_39_o_sub_4_OUT_cy<1>)
     MUXCY:CI->O           1   0.023   0.000  int_path/alu/Msub_GND_39_o_GND_39_o_sub_4_OUT_cy<2> (int_path/alu/Msub_GND_39_o_GND_39_o_sub_4_OUT_cy<2>)
     MUXCY:CI->O           1   0.023   0.000  int_path/alu/Msub_GND_39_o_GND_39_o_sub_4_OUT_cy<3> (int_path/alu/Msub_GND_39_o_GND_39_o_sub_4_OUT_cy<3>)
     MUXCY:CI->O           1   0.023   0.000  int_path/alu/Msub_GND_39_o_GND_39_o_sub_4_OUT_cy<4> (int_path/alu/Msub_GND_39_o_GND_39_o_sub_4_OUT_cy<4>)
     MUXCY:CI->O           1   0.023   0.000  int_path/alu/Msub_GND_39_o_GND_39_o_sub_4_OUT_cy<5> (int_path/alu/Msub_GND_39_o_GND_39_o_sub_4_OUT_cy<5>)
     XORCY:CI->O           1   0.370   0.379  int_path/alu/Msub_GND_39_o_GND_39_o_sub_4_OUT_xor<6> (int_path/alu/GND_39_o_GND_39_o_sub_4_OUT<6>)
     LUT6:I4->O            2   0.097   0.697  int_path/alu/Alu_Op<3>_722 (int_path/alu/Alu_Op<3>_722)
     LUT6:I0->O            1   0.097   0.693  int_path/alu/Z5 (int_path/alu/Z4)
     LUT6:I0->O            1   0.097   0.511  int_path/alu/Z8 (int_path/alu/Z7)
     LUT5:I2->O            1   0.097   0.279  int_path/alu/Z17 (Z_OBUF)
     OBUF:I->O                 0.000          Z_OBUF (Z)
    ----------------------------------------
    Total                      5.721ns (1.878ns logic, 3.843ns route)
                                       (32.8% logic, 67.2% route)

=========================================================================
Timing constraint: Default path analysis
  Total number of paths / destination ports: 61608 / 10
-------------------------------------------------------------------------
Delay:               5.595ns (Levels of Logic = 16)
  Source:            sw<11> (PAD)
  Destination:       Z (PAD)

  Data Path: sw<11> to Z
                                Gate     Net
    Cell:in->out      fanout   Delay   Delay  Logical Name (Net Name)
    ----------------------------------------  ------------
     IBUF:I->O            32   0.001   0.800  sw_11_IBUF (sw_11_IBUF)
     LUT6:I0->O            4   0.097   0.393  int_path/Mmux_w_smux_out11 (int_path/Mmux_w_smux_out1)
     LUT4:I2->O            7   0.097   0.323  int_path/Mmux_w_smux_out13 (int_path/w_smux_out<0>)
     LUT4:I3->O            1   0.097   0.000  int_path/alu/Msub_GND_39_o_GND_39_o_sub_4_OUT_lut<0> (int_path/alu/Msub_GND_39_o_GND_39_o_sub_4_OUT_lut<0>)
     MUXCY:S->O            1   0.353   0.000  int_path/alu/Msub_GND_39_o_GND_39_o_sub_4_OUT_cy<0> (int_path/alu/Msub_GND_39_o_GND_39_o_sub_4_OUT_cy<0>)
     MUXCY:CI->O           1   0.023   0.000  int_path/alu/Msub_GND_39_o_GND_39_o_sub_4_OUT_cy<1> (int_path/alu/Msub_GND_39_o_GND_39_o_sub_4_OUT_cy<1>)
     MUXCY:CI->O           1   0.023   0.000  int_path/alu/Msub_GND_39_o_GND_39_o_sub_4_OUT_cy<2> (int_path/alu/Msub_GND_39_o_GND_39_o_sub_4_OUT_cy<2>)
     MUXCY:CI->O           1   0.023   0.000  int_path/alu/Msub_GND_39_o_GND_39_o_sub_4_OUT_cy<3> (int_path/alu/Msub_GND_39_o_GND_39_o_sub_4_OUT_cy<3>)
     MUXCY:CI->O           1   0.023   0.000  int_path/alu/Msub_GND_39_o_GND_39_o_sub_4_OUT_cy<4> (int_path/alu/Msub_GND_39_o_GND_39_o_sub_4_OUT_cy<4>)
     MUXCY:CI->O           1   0.023   0.000  int_path/alu/Msub_GND_39_o_GND_39_o_sub_4_OUT_cy<5> (int_path/alu/Msub_GND_39_o_GND_39_o_sub_4_OUT_cy<5>)
     XORCY:CI->O           1   0.370   0.379  int_path/alu/Msub_GND_39_o_GND_39_o_sub_4_OUT_xor<6> (int_path/alu/GND_39_o_GND_39_o_sub_4_OUT<6>)
     LUT6:I4->O            2   0.097   0.697  int_path/alu/Alu_Op<3>_722 (int_path/alu/Alu_Op<3>_722)
     LUT6:I0->O            1   0.097   0.693  int_path/alu/Z5 (int_path/alu/Z4)
     LUT6:I0->O            1   0.097   0.511  int_path/alu/Z8 (int_path/alu/Z7)
     LUT5:I2->O            1   0.097   0.279  int_path/alu/Z17 (Z_OBUF)
     OBUF:I->O                 0.000          Z_OBUF (Z)
    ----------------------------------------
    Total                      5.595ns (1.518ns logic, 4.077ns route)
                                       (27.1% logic, 72.9% route)

=========================================================================

Cross Clock Domains Report:
--------------------------

Clock to Setup on destination clock clk
---------------+---------+---------+---------+---------+
               | Src:Rise| Src:Fall| Src:Rise| Src:Fall|
Source Clock   |Dest:Rise|Dest:Rise|Dest:Fall|Dest:Fall|
---------------+---------+---------+---------+---------+
clk            |    3.437|         |         |         |
---------------+---------+---------+---------+---------+

Clock to Setup on destination clock disp_cont/pix_clk/clk_out
-------------------------+---------+---------+---------+---------+
                         | Src:Rise| Src:Fall| Src:Rise| Src:Fall|
Source Clock             |Dest:Rise|Dest:Rise|Dest:Fall|Dest:Fall|
-------------------------+---------+---------+---------+---------+
disp_cont/pix_clk/clk_out|    1.124|         |         |         |
-------------------------+---------+---------+---------+---------+

Clock to Setup on destination clock w_oneshot_out
---------------+---------+---------+---------+---------+
               | Src:Rise| Src:Fall| Src:Rise| Src:Fall|
Source Clock   |Dest:Rise|Dest:Rise|Dest:Fall|Dest:Fall|
---------------+---------+---------+---------+---------+
w_oneshot_out  |    3.860|         |         |         |
---------------+---------+---------+---------+---------+

=========================================================================


Total REAL time to Xst completion: 25.00 secs
Total CPU time to Xst completion: 24.09 secs
 
--> 

Total memory usage is 411728 kilobytes

Number of errors   :    0 (   0 filtered)
Number of warnings :   20 (   0 filtered)
Number of infos    :    3 (   0 filtered)

