--------------------------------------------------------------------------------
Release 14.7 Trace  (nt64)
Copyright (c) 1995-2013 Xilinx, Inc.  All rights reserved.

C:\Xilinx\14.7\ISE_DS\ISE\bin\nt64\unwrapped\trce.exe -intstyle ise -v 3 -s 3
-n 3 -fastpaths -xml lab7_top_module.twx lab7_top_module.ncd -o
lab7_top_module.twr lab7_top_module.pcf -ucf lab7.ucf

Design file:              lab7_top_module.ncd
Physical constraint file: lab7_top_module.pcf
Device,package,speed:     xc7a100t,csg324,C,-3 (PRODUCTION 1.10 2013-10-13)
Report level:             verbose report

Environment Variable      Effect 
--------------------      ------ 
NONE                      No environment variables were set
--------------------------------------------------------------------------------

INFO:Timing:2698 - No timing constraints found, doing default enumeration.
INFO:Timing:3412 - To improve timing, see the Timing Closure User Guide (UG612).
INFO:Timing:2752 - To get complete path coverage, use the unconstrained paths 
   option. All paths that are not constrained will be reported in the 
   unconstrained paths section(s) of the report.
INFO:Timing:3339 - The clock-to-out numbers in this timing report are based on 
   a 50 Ohm transmission line loading model.  For the details of this model, 
   and for more information on accounting for different loading conditions, 
   please see the device datasheet.



Data Sheet report:
-----------------
All values displayed in nanoseconds (ns)

Setup/Hold to clock clk_100mhz
------------+------------+------------+------------+------------+------------------+--------+
            |Max Setup to|  Process   |Max Hold to |  Process   |                  | Clock  |
Source      | clk (edge) |   Corner   | clk (edge) |   Corner   |Internal Clock(s) | Phase  |
------------+------------+------------+------------+------------+------------------+--------+
SW<4>       |    0.893(R)|      FAST  |    1.588(R)|      SLOW  |clk_100mhz_BUFGP  |   0.000|
reset       |    0.160(R)|      FAST  |    1.659(R)|      SLOW  |clk_100mhz_BUFGP  |   0.000|
------------+------------+------------+------------+------------+------------------+--------+

Clock clk_100mhz to Pad
------------+-----------------+------------+-----------------+------------+------------------+--------+
            |Max (slowest) clk|  Process   |Min (fastest) clk|  Process   |                  | Clock  |
Destination |  (edge) to PAD  |   Corner   |  (edge) to PAD  |   Corner   |Internal Clock(s) | Phase  |
------------+-----------------+------------+-----------------+------------+------------------+--------+
C           |        15.117(R)|      SLOW  |         4.971(R)|      FAST  |clk_100mhz_BUFGP  |   0.000|
N           |        14.970(R)|      SLOW  |         4.955(R)|      FAST  |clk_100mhz_BUFGP  |   0.000|
Z           |        17.200(R)|      SLOW  |         5.172(R)|      FAST  |clk_100mhz_BUFGP  |   0.000|
------------+-----------------+------------+-----------------+------------+------------------+--------+

Clock to Setup on destination clock clk_100mhz
---------------+---------+---------+---------+---------+
               | Src:Rise| Src:Fall| Src:Rise| Src:Fall|
Source Clock   |Dest:Rise|Dest:Rise|Dest:Fall|Dest:Fall|
---------------+---------+---------+---------+---------+
clk_100mhz     |    3.858|         |         |         |
---------------+---------+---------+---------+---------+

Pad to Pad
---------------+---------------+---------+
Source Pad     |Destination Pad|  Delay  |
---------------+---------------+---------+
SW<4>          |C              |   10.963|
SW<4>          |N              |   11.115|
SW<4>          |Z              |   13.249|
SW<4>          |a              |   10.367|
SW<4>          |b              |   10.561|
SW<4>          |c              |    9.865|
SW<4>          |d              |   10.180|
SW<4>          |e              |    9.888|
SW<4>          |f              |   10.045|
SW<4>          |g              |    9.368|
---------------+---------------+---------+


Analysis completed Sat Apr 29 10:47:27 2017 
--------------------------------------------------------------------------------

Trace Settings:
-------------------------
Trace Settings 

Peak Memory Usage: 668 MB



