Release 14.7 - xst P.20131013 (nt64)
Copyright (c) 1995-2013 Xilinx, Inc.  All rights reserved.
--> Parameter TMPDIR set to xst/projnav.tmp


Total REAL time to Xst completion: 1.00 secs
Total CPU time to Xst completion: 0.18 secs
 
--> Parameter xsthdpdir set to xst


Total REAL time to Xst completion: 1.00 secs
Total CPU time to Xst completion: 0.18 secs
 
--> Reading design: display_controller.prj

TABLE OF CONTENTS
  1) Synthesis Options Summary
  2) HDL Parsing
  3) HDL Elaboration
  4) HDL Synthesis
       4.1) HDL Synthesis Report
  5) Advanced HDL Synthesis
       5.1) Advanced HDL Synthesis Report
  6) Low Level Synthesis
  7) Partition Report
  8) Design Summary
       8.1) Primitive and Black Box Usage
       8.2) Device utilization summary
       8.3) Partition Resource Summary
       8.4) Timing Report
            8.4.1) Clock Information
            8.4.2) Asynchronous Control Signals Information
            8.4.3) Timing Summary
            8.4.4) Timing Details
            8.4.5) Cross Clock Domains Report


=========================================================================
*                      Synthesis Options Summary                        *
=========================================================================
---- Source Parameters
Input File Name                    : "display_controller.prj"
Ignore Synthesis Constraint File   : NO

---- Target Parameters
Output File Name                   : "display_controller"
Output Format                      : NGC
Target Device                      : xc7a100t-3-csg324

---- Source Options
Top Module Name                    : display_controller
Automatic FSM Extraction           : YES
FSM Encoding Algorithm             : Auto
Safe Implementation                : No
FSM Style                          : LUT
RAM Extraction                     : Yes
RAM Style                          : Auto
ROM Extraction                     : Yes
Shift Register Extraction          : YES
ROM Style                          : Auto
Resource Sharing                   : YES
Asynchronous To Synchronous        : NO
Shift Register Minimum Size        : 2
Use DSP Block                      : Auto
Automatic Register Balancing       : No

---- Target Options
LUT Combining                      : Auto
Reduce Control Sets                : Auto
Add IO Buffers                     : YES
Global Maximum Fanout              : 100000
Add Generic Clock Buffer(BUFG)     : 32
Register Duplication               : YES
Optimize Instantiated Primitives   : NO
Use Clock Enable                   : Auto
Use Synchronous Set                : Auto
Use Synchronous Reset              : Auto
Pack IO Registers into IOBs        : Auto
Equivalent register Removal        : YES

---- General Options
Optimization Goal                  : Speed
Optimization Effort                : 1
Power Reduction                    : NO
Keep Hierarchy                     : No
Netlist Hierarchy                  : As_Optimized
RTL Output                         : Yes
Global Optimization                : AllClockNets
Read Cores                         : YES
Write Timing Constraints           : NO
Cross Clock Analysis               : NO
Hierarchy Separator                : /
Bus Delimiter                      : <>
Case Specifier                     : Maintain
Slice Utilization Ratio            : 100
BRAM Utilization Ratio             : 100
DSP48 Utilization Ratio            : 100
Auto BRAM Packing                  : NO
Slice Utilization Ratio Delta      : 5

=========================================================================


=========================================================================
*                          HDL Parsing                                  *
=========================================================================
Analyzing Verilog file "D:\CSULB_Classes\301\Lab5\Lab5_1\lab5_1\pixel_cont.v" into library work
Parsing module <pixel_cont>.
Analyzing Verilog file "D:\CSULB_Classes\301\Lab5\Lab5_1\lab5_1\pixel_clk.v" into library work
Parsing module <pixel_clk>.
Analyzing Verilog file "D:\CSULB_Classes\301\Lab5\Lab5_1\lab5_1\mux_8_to_1.v" into library work
Parsing module <mux_8_to_1>.
Analyzing Verilog file "D:\CSULB_Classes\301\Lab5\Lab5_1\lab5_1\hex_to_7seg.v" into library work
Parsing module <hex_to_7seg>.
Analyzing Verilog file "D:\CSULB_Classes\301\Lab5\Lab5_1\lab5_1\display_controller.v" into library work
Parsing module <display_controller>.

=========================================================================
*                            HDL Elaboration                            *
=========================================================================

Elaborating module <display_controller>.

Elaborating module <pixel_clk>.

Elaborating module <pixel_cont>.

Elaborating module <mux_8_to_1>.

Elaborating module <hex_to_7seg>.

=========================================================================
*                           HDL Synthesis                               *
=========================================================================

Synthesizing Unit <display_controller>.
    Related source file is "D:\CSULB_Classes\301\Lab5\Lab5_1\lab5_1\display_controller.v".
    Summary:
	no macro.
Unit <display_controller> synthesized.

Synthesizing Unit <pixel_clk>.
    Related source file is "D:\CSULB_Classes\301\Lab5\Lab5_1\lab5_1\pixel_clk.v".
    Found 32-bit register for signal <i>.
    Found 1-bit register for signal <clk_out>.
    Found 32-bit adder for signal <i[31]_GND_2_o_add_1_OUT> created at line 34.
    Found 32-bit comparator greater for signal <i[31]_GND_2_o_LessThan_3_o> created at line 35
    Summary:
	inferred   1 Adder/Subtractor(s).
	inferred  33 D-type flip-flop(s).
	inferred   1 Comparator(s).
	inferred   1 Multiplexer(s).
Unit <pixel_clk> synthesized.

Synthesizing Unit <pixel_cont>.
    Related source file is "D:\CSULB_Classes\301\Lab5\Lab5_1\lab5_1\pixel_cont.v".
    Found 8-bit register for signal <present_state>.
    Found finite state machine <FSM_0> for signal <present_state>.
    -----------------------------------------------------------------------
    | States             | 8                                              |
    | Transitions        | 15                                             |
    | Inputs             | 1                                              |
    | Outputs            | 11                                             |
    | Clock              | clk (rising_edge)                              |
    | Reset              | reset (positive)                               |
    | Reset type         | asynchronous                                   |
    | Reset State        | 00000000                                       |
    | Encoding           | auto                                           |
    | Implementation     | LUT                                            |
    -----------------------------------------------------------------------
    Summary:
	inferred   1 Finite State Machine(s).
Unit <pixel_cont> synthesized.

Synthesizing Unit <mux_8_to_1>.
    Related source file is "D:\CSULB_Classes\301\Lab5\Lab5_1\lab5_1\mux_8_to_1.v".
    Found 4-bit 8-to-1 multiplexer for signal <mux_out> created at line 30.
    Summary:
	inferred   1 Multiplexer(s).
Unit <mux_8_to_1> synthesized.

Synthesizing Unit <hex_to_7seg>.
    Related source file is "D:\CSULB_Classes\301\Lab5\Lab5_1\lab5_1\hex_to_7seg.v".
    Found 16x7-bit Read Only RAM for signal <_n0024>
    Summary:
	inferred   1 RAM(s).
Unit <hex_to_7seg> synthesized.

=========================================================================
HDL Synthesis Report

Macro Statistics
# RAMs                                                 : 1
 16x7-bit single-port Read Only RAM                    : 1
# Adders/Subtractors                                   : 1
 32-bit adder                                          : 1
# Registers                                            : 2
 1-bit register                                        : 1
 32-bit register                                       : 1
# Comparators                                          : 1
 32-bit comparator greater                             : 1
# Multiplexers                                         : 2
 32-bit 2-to-1 multiplexer                             : 1
 4-bit 8-to-1 multiplexer                              : 1
# FSMs                                                 : 1

=========================================================================

=========================================================================
*                       Advanced HDL Synthesis                          *
=========================================================================


Synthesizing (advanced) Unit <hex_to_7seg>.
INFO:Xst:3218 - HDL ADVISOR - The RAM <Mram__n0024> will be implemented on LUTs either because you have described an asynchronous read or because of currently unsupported block RAM features. If you have described an asynchronous read, making it synchronous would allow you to take advantage of available block RAM resources, for optimized device usage and improved timings. Please refer to your documentation for coding guidelines.
    -----------------------------------------------------------------------
    | ram_type           | Distributed                         |          |
    -----------------------------------------------------------------------
    | Port A                                                              |
    |     aspect ratio   | 16-word x 7-bit                     |          |
    |     weA            | connected to signal <GND>           | high     |
    |     addrA          | connected to signal <hexadecimal>   |          |
    |     diA            | connected to signal <GND>           |          |
    |     doA            | connected to internal node          |          |
    -----------------------------------------------------------------------
Unit <hex_to_7seg> synthesized (advanced).

=========================================================================
Advanced HDL Synthesis Report

Macro Statistics
# RAMs                                                 : 1
 16x7-bit single-port distributed Read Only RAM        : 1
# Adders/Subtractors                                   : 1
 32-bit adder                                          : 1
# Registers                                            : 33
 Flip-Flops                                            : 33
# Comparators                                          : 1
 32-bit comparator greater                             : 1
# Multiplexers                                         : 2
 32-bit 2-to-1 multiplexer                             : 1
 4-bit 8-to-1 multiplexer                              : 1
# FSMs                                                 : 1

=========================================================================

=========================================================================
*                         Low Level Synthesis                           *
=========================================================================
Analyzing FSM <MFsm> for best encoding.
Optimizing FSM <FSM_0> on signal <present_state[1:3]> with sequential encoding.
----------------------
 State    | Encoding
----------------------
 00000000 | 000
 00000001 | 001
 00000010 | 010
 00000011 | 011
 00000100 | 100
 00000101 | 101
 00000110 | 110
 00000111 | 111
----------------------

Optimizing unit <display_controller> ...

Optimizing unit <pixel_clk> ...
WARNING:Xst:1710 - FF/Latch <pix_clk/i_31> (without init value) has a constant value of 0 in block <display_controller>. This FF/Latch will be trimmed during the optimization process.
WARNING:Xst:1895 - Due to other FF/Latch trimming, FF/Latch <pix_clk/i_30> (without init value) has a constant value of 0 in block <display_controller>. This FF/Latch will be trimmed during the optimization process.
WARNING:Xst:1895 - Due to other FF/Latch trimming, FF/Latch <pix_clk/i_29> (without init value) has a constant value of 0 in block <display_controller>. This FF/Latch will be trimmed during the optimization process.
WARNING:Xst:1895 - Due to other FF/Latch trimming, FF/Latch <pix_clk/i_28> (without init value) has a constant value of 0 in block <display_controller>. This FF/Latch will be trimmed during the optimization process.
WARNING:Xst:1895 - Due to other FF/Latch trimming, FF/Latch <pix_clk/i_27> (without init value) has a constant value of 0 in block <display_controller>. This FF/Latch will be trimmed during the optimization process.
WARNING:Xst:1895 - Due to other FF/Latch trimming, FF/Latch <pix_clk/i_26> (without init value) has a constant value of 0 in block <display_controller>. This FF/Latch will be trimmed during the optimization process.
WARNING:Xst:1895 - Due to other FF/Latch trimming, FF/Latch <pix_clk/i_25> (without init value) has a constant value of 0 in block <display_controller>. This FF/Latch will be trimmed during the optimization process.
WARNING:Xst:1895 - Due to other FF/Latch trimming, FF/Latch <pix_clk/i_24> (without init value) has a constant value of 0 in block <display_controller>. This FF/Latch will be trimmed during the optimization process.
WARNING:Xst:1895 - Due to other FF/Latch trimming, FF/Latch <pix_clk/i_23> (without init value) has a constant value of 0 in block <display_controller>. This FF/Latch will be trimmed during the optimization process.
WARNING:Xst:1895 - Due to other FF/Latch trimming, FF/Latch <pix_clk/i_22> (without init value) has a constant value of 0 in block <display_controller>. This FF/Latch will be trimmed during the optimization process.
WARNING:Xst:1895 - Due to other FF/Latch trimming, FF/Latch <pix_clk/i_21> (without init value) has a constant value of 0 in block <display_controller>. This FF/Latch will be trimmed during the optimization process.
WARNING:Xst:1895 - Due to other FF/Latch trimming, FF/Latch <pix_clk/i_20> (without init value) has a constant value of 0 in block <display_controller>. This FF/Latch will be trimmed during the optimization process.
WARNING:Xst:1895 - Due to other FF/Latch trimming, FF/Latch <pix_clk/i_19> (without init value) has a constant value of 0 in block <display_controller>. This FF/Latch will be trimmed during the optimization process.
WARNING:Xst:1895 - Due to other FF/Latch trimming, FF/Latch <pix_clk/i_18> (without init value) has a constant value of 0 in block <display_controller>. This FF/Latch will be trimmed during the optimization process.
WARNING:Xst:1895 - Due to other FF/Latch trimming, FF/Latch <pix_clk/i_17> (without init value) has a constant value of 0 in block <display_controller>. This FF/Latch will be trimmed during the optimization process.

Mapping all equations...
Building and optimizing final netlist ...
Found area constraint ratio of 100 (+ 5) on block display_controller, actual ratio is 0.

Final Macro Processing ...

=========================================================================
Final Register Report

Macro Statistics
# Registers                                            : 21
 Flip-Flops                                            : 21

=========================================================================

=========================================================================
*                           Partition Report                            *
=========================================================================

Partition Implementation Status
-------------------------------

  No Partitions were found in this design.

-------------------------------

=========================================================================
*                            Design Summary                             *
=========================================================================

Top Level Output File Name         : display_controller.ngc

Primitive and Black Box Usage:
------------------------------
# BELS                             : 115
#      GND                         : 1
#      INV                         : 2
#      LUT1                        : 17
#      LUT2                        : 18
#      LUT3                        : 11
#      LUT4                        : 8
#      LUT5                        : 3
#      LUT6                        : 8
#      MUXCY                       : 24
#      MUXF7                       : 4
#      VCC                         : 1
#      XORCY                       : 18
# FlipFlops/Latches                : 21
#      FDC                         : 21
# Clock Buffers                    : 1
#      BUFGP                       : 1
# IO Buffers                       : 48
#      IBUF                        : 33
#      OBUF                        : 15

Device utilization summary:
---------------------------

Selected Device : 7a100tcsg324-3 


Slice Logic Utilization: 
 Number of Slice Registers:              21  out of  126800     0%  
 Number of Slice LUTs:                   67  out of  63400     0%  
    Number used as Logic:                67  out of  63400     0%  

Slice Logic Distribution: 
 Number of LUT Flip Flop pairs used:     68
   Number with an unused Flip Flop:      47  out of     68    69%  
   Number with an unused LUT:             1  out of     68     1%  
   Number of fully used LUT-FF pairs:    20  out of     68    29%  
   Number of unique control sets:         2

IO Utilization: 
 Number of IOs:                          49
 Number of bonded IOBs:                  49  out of    210    23%  

Specific Feature Utilization:
 Number of BUFG/BUFGCTRLs:                1  out of     32     3%  

---------------------------
Partition Resource Summary:
---------------------------

  No Partitions were found in this design.

---------------------------


=========================================================================
Timing Report

NOTE: THESE TIMING NUMBERS ARE ONLY A SYNTHESIS ESTIMATE.
      FOR ACCURATE TIMING INFORMATION PLEASE REFER TO THE TRACE REPORT
      GENERATED AFTER PLACE-and-ROUTE.

Clock Information:
------------------
-----------------------------------+--------------------------------------+-------+
Clock Signal                       | Clock buffer(FF name)                | Load  |
-----------------------------------+--------------------------------------+-------+
pix_clk/clk_out                    | NONE(pix_cont/present_state_FSM_FFd3)| 3     |
clk                                | BUFGP                                | 18    |
-----------------------------------+--------------------------------------+-------+
INFO:Xst:2169 - HDL ADVISOR - Some clock signals were not automatically buffered by XST with BUFG/BUFR resources. Please use the buffer_type constraint in order to insert these buffers to the clock signals to help prevent skew problems.

Asynchronous Control Signals Information:
----------------------------------------
No asynchronous control signals found in this design

Timing Summary:
---------------
Speed Grade: -3

   Minimum period: 3.437ns (Maximum Frequency: 290.909MHz)
   Minimum input arrival time before clock: 0.720ns
   Maximum output required time after clock: 2.469ns
   Maximum combinational path delay: 1.894ns

Timing Details:
---------------
All values displayed in nanoseconds (ns)

=========================================================================
Timing constraint: Default period analysis for Clock 'pix_clk/clk_out'
  Clock period: 1.124ns (frequency: 889.759MHz)
  Total number of paths / destination ports: 6 / 3
-------------------------------------------------------------------------
Delay:               1.124ns (Levels of Logic = 1)
  Source:            pix_cont/present_state_FSM_FFd3 (FF)
  Destination:       pix_cont/present_state_FSM_FFd3 (FF)
  Source Clock:      pix_clk/clk_out rising
  Destination Clock: pix_clk/clk_out rising

  Data Path: pix_cont/present_state_FSM_FFd3 to pix_cont/present_state_FSM_FFd3
                                Gate     Net
    Cell:in->out      fanout   Delay   Delay  Logical Name (Net Name)
    ----------------------------------------  ------------
     FDC:C->Q             19   0.361   0.363  pix_cont/present_state_FSM_FFd3 (pix_cont/present_state_FSM_FFd3)
     INV:I->O              1   0.113   0.279  pix_cont/present_state_FSM_FFd3-In1_INV_0 (pix_cont/present_state_FSM_FFd3-In)
     FDC:D                     0.008          pix_cont/present_state_FSM_FFd3
    ----------------------------------------
    Total                      1.124ns (0.482ns logic, 0.642ns route)
                                       (42.9% logic, 57.1% route)

=========================================================================
Timing constraint: Default period analysis for Clock 'clk'
  Clock period: 3.437ns (frequency: 290.909MHz)
  Total number of paths / destination ports: 5212 / 18
-------------------------------------------------------------------------
Delay:               3.437ns (Levels of Logic = 21)
  Source:            pix_clk/i_0 (FF)
  Destination:       pix_clk/i_16 (FF)
  Source Clock:      clk rising
  Destination Clock: clk rising

  Data Path: pix_clk/i_0 to pix_clk/i_16
                                Gate     Net
    Cell:in->out      fanout   Delay   Delay  Logical Name (Net Name)
    ----------------------------------------  ------------
     FDC:C->Q              1   0.361   0.279  pix_clk/i_0 (pix_clk/i_0)
     INV:I->O              1   0.113   0.000  pix_clk/Madd_i[31]_GND_2_o_add_1_OUT_lut<0>_INV_0 (pix_clk/Madd_i[31]_GND_2_o_add_1_OUT_lut<0>)
     MUXCY:S->O            1   0.353   0.000  pix_clk/Madd_i[31]_GND_2_o_add_1_OUT_cy<0> (pix_clk/Madd_i[31]_GND_2_o_add_1_OUT_cy<0>)
     MUXCY:CI->O           1   0.023   0.000  pix_clk/Madd_i[31]_GND_2_o_add_1_OUT_cy<1> (pix_clk/Madd_i[31]_GND_2_o_add_1_OUT_cy<1>)
     MUXCY:CI->O           1   0.023   0.000  pix_clk/Madd_i[31]_GND_2_o_add_1_OUT_cy<2> (pix_clk/Madd_i[31]_GND_2_o_add_1_OUT_cy<2>)
     MUXCY:CI->O           1   0.023   0.000  pix_clk/Madd_i[31]_GND_2_o_add_1_OUT_cy<3> (pix_clk/Madd_i[31]_GND_2_o_add_1_OUT_cy<3>)
     MUXCY:CI->O           1   0.023   0.000  pix_clk/Madd_i[31]_GND_2_o_add_1_OUT_cy<4> (pix_clk/Madd_i[31]_GND_2_o_add_1_OUT_cy<4>)
     MUXCY:CI->O           1   0.023   0.000  pix_clk/Madd_i[31]_GND_2_o_add_1_OUT_cy<5> (pix_clk/Madd_i[31]_GND_2_o_add_1_OUT_cy<5>)
     MUXCY:CI->O           1   0.023   0.000  pix_clk/Madd_i[31]_GND_2_o_add_1_OUT_cy<6> (pix_clk/Madd_i[31]_GND_2_o_add_1_OUT_cy<6>)
     MUXCY:CI->O           1   0.023   0.000  pix_clk/Madd_i[31]_GND_2_o_add_1_OUT_cy<7> (pix_clk/Madd_i[31]_GND_2_o_add_1_OUT_cy<7>)
     MUXCY:CI->O           1   0.023   0.000  pix_clk/Madd_i[31]_GND_2_o_add_1_OUT_cy<8> (pix_clk/Madd_i[31]_GND_2_o_add_1_OUT_cy<8>)
     MUXCY:CI->O           1   0.023   0.000  pix_clk/Madd_i[31]_GND_2_o_add_1_OUT_cy<9> (pix_clk/Madd_i[31]_GND_2_o_add_1_OUT_cy<9>)
     MUXCY:CI->O           1   0.023   0.000  pix_clk/Madd_i[31]_GND_2_o_add_1_OUT_cy<10> (pix_clk/Madd_i[31]_GND_2_o_add_1_OUT_cy<10>)
     MUXCY:CI->O           1   0.023   0.000  pix_clk/Madd_i[31]_GND_2_o_add_1_OUT_cy<11> (pix_clk/Madd_i[31]_GND_2_o_add_1_OUT_cy<11>)
     MUXCY:CI->O           1   0.023   0.000  pix_clk/Madd_i[31]_GND_2_o_add_1_OUT_cy<12> (pix_clk/Madd_i[31]_GND_2_o_add_1_OUT_cy<12>)
     XORCY:CI->O           2   0.370   0.688  pix_clk/Madd_i[31]_GND_2_o_add_1_OUT_xor<13> (pix_clk/i[31]_GND_2_o_add_1_OUT<13>)
     LUT5:I0->O            1   0.097   0.000  pix_clk/Mcompar_i[31]_GND_2_o_LessThan_3_o_lut<2> (pix_clk/Mcompar_i[31]_GND_2_o_LessThan_3_o_lut<2>)
     MUXCY:S->O            1   0.353   0.000  pix_clk/Mcompar_i[31]_GND_2_o_LessThan_3_o_cy<2> (pix_clk/Mcompar_i[31]_GND_2_o_LessThan_3_o_cy<2>)
     MUXCY:CI->O           1   0.023   0.000  pix_clk/Mcompar_i[31]_GND_2_o_LessThan_3_o_cy<3> (pix_clk/Mcompar_i[31]_GND_2_o_LessThan_3_o_cy<3>)
     MUXCY:CI->O           1   0.023   0.000  pix_clk/Mcompar_i[31]_GND_2_o_LessThan_3_o_cy<4> (pix_clk/Mcompar_i[31]_GND_2_o_LessThan_3_o_cy<4>)
     MUXCY:CI->O          18   0.023   0.374  pix_clk/Mcompar_i[31]_GND_2_o_LessThan_3_o_cy<5> (pix_clk/Mcompar_i[31]_GND_2_o_LessThan_3_o_cy<5>)
     LUT2:I1->O            1   0.097   0.000  pix_clk/Mmux_i[31]_GND_2_o_mux_3_OUT21 (pix_clk/i[31]_GND_2_o_mux_3_OUT<10>)
     FDC:D                     0.008          pix_clk/i_10
    ----------------------------------------
    Total                      3.437ns (2.097ns logic, 1.340ns route)
                                       (61.0% logic, 39.0% route)

=========================================================================
Timing constraint: Default OFFSET IN BEFORE for Clock 'pix_clk/clk_out'
  Total number of paths / destination ports: 3 / 3
-------------------------------------------------------------------------
Offset:              0.720ns (Levels of Logic = 1)
  Source:            reset (PAD)
  Destination:       pix_cont/present_state_FSM_FFd3 (FF)
  Destination Clock: pix_clk/clk_out rising

  Data Path: reset to pix_cont/present_state_FSM_FFd3
                                Gate     Net
    Cell:in->out      fanout   Delay   Delay  Logical Name (Net Name)
    ----------------------------------------  ------------
     IBUF:I->O            21   0.001   0.370  reset_IBUF (reset_IBUF)
     FDC:CLR                   0.349          pix_cont/present_state_FSM_FFd3
    ----------------------------------------
    Total                      0.720ns (0.350ns logic, 0.370ns route)
                                       (48.6% logic, 51.4% route)

=========================================================================
Timing constraint: Default OFFSET IN BEFORE for Clock 'clk'
  Total number of paths / destination ports: 18 / 18
-------------------------------------------------------------------------
Offset:              0.720ns (Levels of Logic = 1)
  Source:            reset (PAD)
  Destination:       pix_clk/i_16 (FF)
  Destination Clock: clk rising

  Data Path: reset to pix_clk/i_16
                                Gate     Net
    Cell:in->out      fanout   Delay   Delay  Logical Name (Net Name)
    ----------------------------------------  ------------
     IBUF:I->O            21   0.001   0.370  reset_IBUF (reset_IBUF)
     FDC:CLR                   0.349          pix_clk/i_0
    ----------------------------------------
    Total                      0.720ns (0.350ns logic, 0.370ns route)
                                       (48.6% logic, 51.4% route)

=========================================================================
Timing constraint: Default OFFSET OUT AFTER for Clock 'pix_clk/clk_out'
  Total number of paths / destination ports: 164 / 15
-------------------------------------------------------------------------
Offset:              2.469ns (Levels of Logic = 4)
  Source:            pix_cont/present_state_FSM_FFd2 (FF)
  Destination:       a (PAD)
  Source Clock:      pix_clk/clk_out rising

  Data Path: pix_cont/present_state_FSM_FFd2 to a
                                Gate     Net
    Cell:in->out      fanout   Delay   Delay  Logical Name (Net Name)
    ----------------------------------------  ------------
     FDC:C->Q             18   0.361   0.772  pix_cont/present_state_FSM_FFd2 (pix_cont/present_state_FSM_FFd2)
     LUT6:I0->O            1   0.097   0.000  mux8to1/Mmux_mux_out_3 (mux8to1/Mmux_mux_out_3)
     MUXF7:I1->O           7   0.279   0.584  mux8to1/Mmux_mux_out_2_f7 (w_mux_out<0>)
     LUT4:I0->O            1   0.097   0.279  hex7seg/Mram__n002441 (e_OBUF)
     OBUF:I->O                 0.000          e_OBUF (e)
    ----------------------------------------
    Total                      2.469ns (0.834ns logic, 1.635ns route)
                                       (33.8% logic, 66.2% route)

=========================================================================
Timing constraint: Default path analysis
  Total number of paths / destination ports: 224 / 7
-------------------------------------------------------------------------
Delay:               1.894ns (Levels of Logic = 5)
  Source:            seg<25> (PAD)
  Destination:       a (PAD)

  Data Path: seg<25> to a
                                Gate     Net
    Cell:in->out      fanout   Delay   Delay  Logical Name (Net Name)
    ----------------------------------------  ------------
     IBUF:I->O             1   0.001   0.556  seg_25_IBUF (seg_25_IBUF)
     LUT6:I2->O            1   0.097   0.000  mux8to1/Mmux_mux_out_31 (mux8to1/Mmux_mux_out_31)
     MUXF7:I1->O           7   0.279   0.584  mux8to1/Mmux_mux_out_2_f7_0 (w_mux_out<1>)
     LUT4:I0->O            1   0.097   0.279  hex7seg/Mram__n002461 (g_OBUF)
     OBUF:I->O                 0.000          g_OBUF (g)
    ----------------------------------------
    Total                      1.894ns (0.474ns logic, 1.420ns route)
                                       (25.0% logic, 75.0% route)

=========================================================================

Cross Clock Domains Report:
--------------------------

Clock to Setup on destination clock clk
---------------+---------+---------+---------+---------+
               | Src:Rise| Src:Fall| Src:Rise| Src:Fall|
Source Clock   |Dest:Rise|Dest:Rise|Dest:Fall|Dest:Fall|
---------------+---------+---------+---------+---------+
clk            |    3.437|         |         |         |
---------------+---------+---------+---------+---------+

Clock to Setup on destination clock pix_clk/clk_out
---------------+---------+---------+---------+---------+
               | Src:Rise| Src:Fall| Src:Rise| Src:Fall|
Source Clock   |Dest:Rise|Dest:Rise|Dest:Fall|Dest:Fall|
---------------+---------+---------+---------+---------+
pix_clk/clk_out|    1.124|         |         |         |
---------------+---------+---------+---------+---------+

=========================================================================


Total REAL time to Xst completion: 21.00 secs
Total CPU time to Xst completion: 20.43 secs
 
--> 

Total memory usage is 410720 kilobytes

Number of errors   :    0 (   0 filtered)
Number of warnings :   15 (   0 filtered)
Number of infos    :    2 (   0 filtered)

