INFO:sim:172 - Generating IP...
Applying current project options...
Finished applying current project options.
WARNING:sim - A core named 'tb_rom' already exists in the project. Output
   products for this core may be overwritten.
Resolving generics for 'tb_rom'...
WARNING:sim - A core named 'tb_rom' already exists in the project. Output
   products for this core may be overwritten.
Applying external generics to 'tb_rom'...
Delivering associated files for 'tb_rom'...
Delivering EJava files for 'tb_rom'...
Generating implementation netlist for 'tb_rom'...
INFO:sim - Pre-processing HDL files for 'tb_rom'...
Running synthesis for 'tb_rom'
Running ngcbuild...
Writing VEO instantiation template for 'tb_rom'...
Writing Verilog behavioral simulation model for 'tb_rom'...
WARNING:sim - Overwriting existing file
   D:/CSULB_Classes/CECS_460/Projects/Project_2/UART/ipcore_dir/tmp/_cg/tb_rom/d
   oc/blk_mem_gen_v7_3_vinfo.html with file from view xilinx_documentation
Delivered 1 file into directory
D:/CSULB_Classes/CECS_460/Projects/Project_2/UART/ipcore_dir/tmp/_cg/tb_rom
Generating ASY schematic symbol...
INFO:sim:949 - Finished generation of ASY schematic symbol.
Generating SYM schematic symbol for 'tb_rom'...
Generating metadata file...
Regenerating ISE project file for 'tb_rom'...
Generating ISE project...
XCO file found: tb_rom.xco
XMDF file found: tb_rom_xmdf.tcl
Adding
D:/CSULB_Classes/CECS_460/Projects/Project_2/UART/ipcore_dir/tmp/_cg/tb_rom.asy
-view all -origin_type imported
Adding
D:/CSULB_Classes/CECS_460/Projects/Project_2/UART/ipcore_dir/tmp/_cg/tb_rom.ngc
-view all -origin_type created
Checking file
"D:/CSULB_Classes/CECS_460/Projects/Project_2/UART/ipcore_dir/tmp/_cg/tb_rom.ngc
" for project device match ...
File
"D:/CSULB_Classes/CECS_460/Projects/Project_2/UART/ipcore_dir/tmp/_cg/tb_rom.ngc
" device information matches project device.
Adding
D:/CSULB_Classes/CECS_460/Projects/Project_2/UART/ipcore_dir/tmp/_cg/tb_rom.sym
-view all -origin_type imported
Adding
D:/CSULB_Classes/CECS_460/Projects/Project_2/UART/ipcore_dir/tmp/_cg/tb_rom.v
-view all -origin_type created
INFO:HDLCompiler:1845 - Analyzing Verilog file
   "D:/CSULB_Classes/CECS_460/Projects/Project_2/UART/ipcore_dir/tmp/_cg/tb_rom.
   v" into library work
INFO:ProjectMgmt - Parsing design hierarchy completed successfully.
Adding
D:/CSULB_Classes/CECS_460/Projects/Project_2/UART/ipcore_dir/tmp/_cg/tb_rom.veo
-view all -origin_type imported
INFO:TclTasksC:2116 - The automatic calculation of top has been turned-off.
   Please set the new top explicitly by running the "project set top" command.
   To re-calculate the new top automatically, set the "Auto Implementation Top"
   property to true.
Top level has been set to "/tb_rom"
Generating README file...
Generating FLIST file...
INFO:sim:948 - Finished FLIST file generation.
Launching README viewer...
Moving files to output directory...
Finished moving files to output directory
Wrote CGP file for project 'tb_rom'.
