Command line:
   Parity_Gen_Dec_tf_isim_beh.exe
     -simmode  gui
     -simrunnum  0
     -socket  54127

Tue Mar 20 09:03:29 2018


 Elaboration Time: 0.078125 sec

 Current Memory Usage: 880.959 Meg

 Total Signals          : 19
 Total Nets             : 26
 Total Signal Drivers   : 11
 Total Blocks           : 3
 Total Primitive Blocks : 2
 Total Processes        : 15
 Total Traceable Variables  : 26
 Total Scalar Nets and Variables : 121
Total Line Count : 56

 Total Simulation Time: 0.09375 sec

 Current Memory Usage: 723.673 Meg

Tue Mar 20 09:06:39 2018

