Command line:
   lab3_top_module_isim_beh.exe
     -simmode  gui
     -simrunnum  0
     -socket  49423

Thu Mar 02 02:19:58 2017


 Elaboration Time: 0.078125 sec

 Current Memory Usage: 846.569 Meg

 Total Signals          : 72
 Total Nets             : 57
 Total Signal Drivers   : 32
 Total Blocks           : 12
 Total Primitive Blocks : 10
 Total Processes        : 41
 Total Traceable Variables  : 43
 Total Scalar Nets and Variables : 193
Total Line Count : 90

 Total Simulation Time: 0.078125 sec

 Current Memory Usage: 846.569 Meg

Thu Mar 02 02:20:06 2017

