#-----------------------------------------------------------
# Vivado v2018.3 (64-bit)
# SW Build 2405991 on Thu Dec  6 23:38:27 MST 2018
# IP Build 2404404 on Fri Dec  7 01:43:56 MST 2018
# Start of session at: Thu Mar  7 04:22:45 2019
# Process ID: 12988
# Current directory: D:/CSULB_Classes/CECS_460/Projects/Project_2/UART
# Command line: vivado.exe -gui_launcher_event rodinguilauncherevent14004 D:\CSULB_Classes\CECS_460\Projects\Project_2\UART\Tx_Engine_tf_isim_beh.wdb
# Log file: D:/CSULB_Classes/CECS_460/Projects/Project_2/UART/vivado.log
# Journal file: D:/CSULB_Classes/CECS_460/Projects/Project_2/UART\vivado.jou
#-----------------------------------------------------------
start_gui
open_wave_database {D:\CSULB_Classes\CECS_460\Projects\Project_2\UART\Tx_Engine_tf_isim_beh.wdb}
INFO: [IP_Flow 19-234] Refreshing IP repositories
INFO: [IP_Flow 19-1704] No user IP repositories specified
INFO: [IP_Flow 19-2313] Loaded Vivado IP repository 'C:/Xilinx/Vivado/2018.3/data/ip'.
current_fileset: Time (s): cpu = 00:00:30 ; elapsed = 00:00:19 . Memory (MB): peak = 666.492 ; gain = 83.813
ERROR: [Wavedata 42-25] The waveform database 'D:\CSULB_Classes\CECS_460\Projects\Project_2\UART\Tx_Engine_tf_isim_beh.wdb' could not be opened for the following reason: The file may be corrupt or of an unsupported older format.  As of version 2014.3 Vivado includes a new, enhanced waveform database. Because the new database is incompatible with the old database, the current version of Vivado cannot open WDB files created in versions prior to 2014.3.
exit
INFO: [Common 17-206] Exiting Vivado at Thu Mar  7 04:24:15 2019...
