Release 14.7 - xst P.20131013 (nt64)
Copyright (c) 1995-2013 Xilinx, Inc.  All rights reserved.
--> Parameter TMPDIR set to xst/projnav.tmp


Total REAL time to Xst completion: 0.00 secs
Total CPU time to Xst completion: 0.09 secs
 
--> Parameter xsthdpdir set to xst


Total REAL time to Xst completion: 0.00 secs
Total CPU time to Xst completion: 0.09 secs
 
--> Reading design: Rx_Engine.prj

TABLE OF CONTENTS
  1) Synthesis Options Summary
  2) HDL Parsing
  3) HDL Elaboration
  4) HDL Synthesis
       4.1) HDL Synthesis Report
  5) Advanced HDL Synthesis
       5.1) Advanced HDL Synthesis Report
  6) Low Level Synthesis
  7) Partition Report
  8) Design Summary
       8.1) Primitive and Black Box Usage
       8.2) Device utilization summary
       8.3) Partition Resource Summary
       8.4) Timing Report
            8.4.1) Clock Information
            8.4.2) Asynchronous Control Signals Information
            8.4.3) Timing Summary
            8.4.4) Timing Details
            8.4.5) Cross Clock Domains Report


=========================================================================
*                      Synthesis Options Summary                        *
=========================================================================
---- Source Parameters
Input File Name                    : "Rx_Engine.prj"
Ignore Synthesis Constraint File   : NO

---- Target Parameters
Output File Name                   : "Rx_Engine"
Output Format                      : NGC
Target Device                      : xc7a100t-3-csg324

---- Source Options
Top Module Name                    : Rx_Engine
Automatic FSM Extraction           : YES
FSM Encoding Algorithm             : Auto
Safe Implementation                : No
FSM Style                          : LUT
RAM Extraction                     : Yes
RAM Style                          : Auto
ROM Extraction                     : Yes
Shift Register Extraction          : YES
ROM Style                          : Auto
Resource Sharing                   : YES
Asynchronous To Synchronous        : NO
Shift Register Minimum Size        : 2
Use DSP Block                      : Auto
Automatic Register Balancing       : No

---- Target Options
LUT Combining                      : Auto
Reduce Control Sets                : Auto
Add IO Buffers                     : YES
Global Maximum Fanout              : 100000
Add Generic Clock Buffer(BUFG)     : 32
Register Duplication               : YES
Optimize Instantiated Primitives   : NO
Use Clock Enable                   : Auto
Use Synchronous Set                : Auto
Use Synchronous Reset              : Auto
Pack IO Registers into IOBs        : Auto
Equivalent register Removal        : YES

---- General Options
Optimization Goal                  : Speed
Optimization Effort                : 1
Power Reduction                    : NO
Keep Hierarchy                     : No
Netlist Hierarchy                  : As_Optimized
RTL Output                         : Yes
Global Optimization                : AllClockNets
Read Cores                         : YES
Write Timing Constraints           : NO
Cross Clock Analysis               : NO
Hierarchy Separator                : /
Bus Delimiter                      : <>
Case Specifier                     : Maintain
Slice Utilization Ratio            : 100
BRAM Utilization Ratio             : 100
DSP48 Utilization Ratio            : 100
Auto BRAM Packing                  : NO
Slice Utilization Ratio Delta      : 5

---- Other Options
Cores Search Directories           : {"ipcore_dir"  }

=========================================================================


=========================================================================
*                          HDL Parsing                                  *
=========================================================================
Analyzing Verilog file "D:\CSULB_Classes\CECS_460\Projects\Project_4\Project_Full_UART_TSI\UART\Rx_SR_Flop.v" into library work
Parsing module <Rx_SR_Flop>.
Analyzing Verilog file "D:\CSULB_Classes\CECS_460\Projects\Project_4\Project_Full_UART_TSI\UART\Rx_Shift_Reg.v" into library work
Parsing module <Rx_Shift_Reg>.
Analyzing Verilog file "D:\CSULB_Classes\CECS_460\Projects\Project_4\Project_Full_UART_TSI\UART\Rx_Remap.v" into library work
Parsing module <Rx_Remap>.
Analyzing Verilog file "D:\CSULB_Classes\CECS_460\Projects\Project_4\Project_Full_UART_TSI\UART\Rx_FSM.v" into library work
Parsing module <Rx_FSM>.
Analyzing Verilog file "D:\CSULB_Classes\CECS_460\Projects\Project_4\Project_Full_UART_TSI\UART\Rx_bit_time_counter.v" into library work
Parsing module <Rx_bit_time_counter>.
Analyzing Verilog file "D:\CSULB_Classes\CECS_460\Projects\Project_4\Project_Full_UART_TSI\UART\Rx_bit_counter.v" into library work
Parsing module <Rx_bit_counter>.
Analyzing Verilog file "D:\CSULB_Classes\CECS_460\Projects\Project_4\Project_Full_UART_TSI\UART\Rx_Engine_Control.v" into library work
Parsing module <Rx_Engine_Control>.
Analyzing Verilog file "D:\CSULB_Classes\CECS_460\Projects\Project_4\Project_Full_UART_TSI\UART\Rx_DataPath.v" into library work
Parsing module <Rx_DataPath>.
Analyzing Verilog file "D:\CSULB_Classes\CECS_460\Projects\Project_4\Project_Full_UART_TSI\UART\Rx_Engine.v" into library work
Parsing module <Rx_Engine>.

=========================================================================
*                            HDL Elaboration                            *
=========================================================================

Elaborating module <Rx_Engine>.

Elaborating module <Rx_Engine_Control>.

Elaborating module <Rx_FSM>.

Elaborating module <Rx_bit_time_counter>.

Elaborating module <Rx_bit_counter>.

Elaborating module <Rx_DataPath>.

Elaborating module <Rx_Shift_Reg>.

Elaborating module <Rx_Remap>.

Elaborating module <Rx_SR_Flop>.

=========================================================================
*                           HDL Synthesis                               *
=========================================================================

Synthesizing Unit <Rx_Engine>.
    Related source file is "D:\CSULB_Classes\CECS_460\Projects\Project_4\Project_Full_UART_TSI\UART\Rx_Engine.v".
    Summary:
	no macro.
Unit <Rx_Engine> synthesized.

Synthesizing Unit <Rx_Engine_Control>.
    Related source file is "D:\CSULB_Classes\CECS_460\Projects\Project_4\Project_Full_UART_TSI\UART\Rx_Engine_Control.v".
    Summary:
	no macro.
Unit <Rx_Engine_Control> synthesized.

Synthesizing Unit <Rx_FSM>.
    Related source file is "D:\CSULB_Classes\CECS_460\Projects\Project_4\Project_Full_UART_TSI\UART\Rx_FSM.v".
        s0 = 2'b00
        s1 = 2'b01
        s2 = 2'b10
    Found 2-bit register for signal <CurrentState>.
    Found 1-bit register for signal <start>.
    Found 1-bit register for signal <do_it>.
    Found 1-bit 4-to-1 multiplexer for signal <NxtDo_It> created at line 54.
    Found 1-bit 4-to-1 multiplexer for signal <NxtStart> created at line 54.
    Found 2-bit 4-to-1 multiplexer for signal <NxtState> created at line 54.
    Summary:
	inferred   4 D-type flip-flop(s).
	inferred   4 Multiplexer(s).
Unit <Rx_FSM> synthesized.

Synthesizing Unit <Rx_bit_time_counter>.
    Related source file is "D:\CSULB_Classes\CECS_460\Projects\Project_4\Project_Full_UART_TSI\UART\Rx_bit_time_counter.v".
    Found 19-bit register for signal <bit_time_count>.
    Found 19-bit adder for signal <bit_time_count[18]_GND_4_o_add_0_OUT> created at line 44.
    Found 19-bit comparator equal for signal <btu> created at line 56
    Summary:
	inferred   1 Adder/Subtractor(s).
	inferred  19 D-type flip-flop(s).
	inferred   1 Comparator(s).
	inferred   2 Multiplexer(s).
Unit <Rx_bit_time_counter> synthesized.

Synthesizing Unit <Rx_bit_counter>.
    Related source file is "D:\CSULB_Classes\CECS_460\Projects\Project_4\Project_Full_UART_TSI\UART\Rx_bit_counter.v".
    Found 4-bit register for signal <bit_count>.
    Found 4-bit adder for signal <bit_count[3]_GND_5_o_add_0_OUT> created at line 45.
    Found 4-bit comparator equal for signal <done> created at line 70
    Summary:
	inferred   1 Adder/Subtractor(s).
	inferred   4 D-type flip-flop(s).
	inferred   1 Comparator(s).
	inferred   1 Multiplexer(s).
Unit <Rx_bit_counter> synthesized.

Synthesizing Unit <Rx_DataPath>.
    Related source file is "D:\CSULB_Classes\CECS_460\Projects\Project_4\Project_Full_UART_TSI\UART\Rx_DataPath.v".
    Found 1-bit 4-to-1 multiplexer for signal <stop_bit_mux_out> created at line 87.
    Summary:
	inferred   4 Multiplexer(s).
Unit <Rx_DataPath> synthesized.

Synthesizing Unit <Rx_Shift_Reg>.
    Related source file is "D:\CSULB_Classes\CECS_460\Projects\Project_4\Project_Full_UART_TSI\UART\Rx_Shift_Reg.v".
    Found 10-bit register for signal <data_out>.
    Summary:
	inferred  10 D-type flip-flop(s).
Unit <Rx_Shift_Reg> synthesized.

Synthesizing Unit <Rx_Remap>.
    Related source file is "D:\CSULB_Classes\CECS_460\Projects\Project_4\Project_Full_UART_TSI\UART\Rx_Remap.v".
    Found 10-bit 4-to-1 multiplexer for signal <remap> created at line 35.
    Summary:
	inferred   1 Multiplexer(s).
Unit <Rx_Remap> synthesized.

Synthesizing Unit <Rx_SR_Flop>.
    Related source file is "D:\CSULB_Classes\CECS_460\Projects\Project_4\Project_Full_UART_TSI\UART\Rx_SR_Flop.v".
    Found 1-bit register for signal <Q>.
    Summary:
	inferred   1 D-type flip-flop(s).
Unit <Rx_SR_Flop> synthesized.

=========================================================================
HDL Synthesis Report

Macro Statistics
# Adders/Subtractors                                   : 2
 19-bit adder                                          : 1
 4-bit adder                                           : 1
# Registers                                            : 10
 1-bit register                                        : 6
 10-bit register                                       : 1
 19-bit register                                       : 1
 2-bit register                                        : 1
 4-bit register                                        : 1
# Comparators                                          : 2
 19-bit comparator equal                               : 1
 4-bit comparator equal                                : 1
# Multiplexers                                         : 12
 1-bit 2-to-1 multiplexer                              : 3
 1-bit 4-to-1 multiplexer                              : 3
 10-bit 4-to-1 multiplexer                             : 1
 19-bit 2-to-1 multiplexer                             : 2
 2-bit 4-to-1 multiplexer                              : 1
 4-bit 2-to-1 multiplexer                              : 2
# Xors                                                 : 2
 1-bit xor2                                            : 1
 1-bit xor8                                            : 1

=========================================================================

=========================================================================
*                       Advanced HDL Synthesis                          *
=========================================================================


Synthesizing (advanced) Unit <Rx_bit_counter>.
The following registers are absorbed into counter <bit_count>: 1 register on signal <bit_count>.
Unit <Rx_bit_counter> synthesized (advanced).

Synthesizing (advanced) Unit <Rx_bit_time_counter>.
The following registers are absorbed into counter <bit_time_count>: 1 register on signal <bit_time_count>.
Unit <Rx_bit_time_counter> synthesized (advanced).

=========================================================================
Advanced HDL Synthesis Report

Macro Statistics
# Counters                                             : 2
 19-bit up counter                                     : 1
 4-bit up counter                                      : 1
# Registers                                            : 18
 Flip-Flops                                            : 18
# Comparators                                          : 2
 19-bit comparator equal                               : 1
 4-bit comparator equal                                : 1
# Multiplexers                                         : 9
 1-bit 2-to-1 multiplexer                              : 2
 1-bit 4-to-1 multiplexer                              : 3
 10-bit 4-to-1 multiplexer                             : 1
 19-bit 2-to-1 multiplexer                             : 1
 2-bit 4-to-1 multiplexer                              : 1
 4-bit 2-to-1 multiplexer                              : 1
# Xors                                                 : 2
 1-bit xor2                                            : 1
 1-bit xor8                                            : 1

=========================================================================

=========================================================================
*                         Low Level Synthesis                           *
=========================================================================
INFO:Xst:2261 - The FF/Latch <CurrentState_0> in Unit <Rx_FSM> is equivalent to the following FF/Latch, which will be removed : <start> 

Optimizing unit <Rx_Shift_Reg> ...

Optimizing unit <Rx_Engine> ...

Optimizing unit <Rx_FSM> ...

Optimizing unit <Rx_bit_counter> ...

Optimizing unit <Rx_DataPath> ...

Mapping all equations...
Building and optimizing final netlist ...
Found area constraint ratio of 100 (+ 5) on block Rx_Engine, actual ratio is 0.

Final Macro Processing ...

=========================================================================
Final Register Report

Macro Statistics
# Registers                                            : 40
 Flip-Flops                                            : 40

=========================================================================

=========================================================================
*                           Partition Report                            *
=========================================================================

Partition Implementation Status
-------------------------------

  No Partitions were found in this design.

-------------------------------

=========================================================================
*                            Design Summary                             *
=========================================================================

Top Level Output File Name         : Rx_Engine.ngc

Primitive and Black Box Usage:
------------------------------
# BELS                             : 117
#      GND                         : 1
#      LUT1                        : 1
#      LUT2                        : 3
#      LUT3                        : 41
#      LUT4                        : 6
#      LUT5                        : 10
#      LUT6                        : 9
#      MUXCY                       : 26
#      VCC                         : 1
#      XORCY                       : 19
# FlipFlops/Latches                : 40
#      FDC                         : 26
#      FDCE                        : 14
# Clock Buffers                    : 1
#      BUFGP                       : 1
# IO Buffers                       : 37
#      IBUF                        : 25
#      OBUF                        : 12

Device utilization summary:
---------------------------

Selected Device : 7a100tcsg324-3 


Slice Logic Utilization: 
 Number of Slice Registers:              40  out of  126800     0%  
 Number of Slice LUTs:                   70  out of  63400     0%  
    Number used as Logic:                70  out of  63400     0%  

Slice Logic Distribution: 
 Number of LUT Flip Flop pairs used:     78
   Number with an unused Flip Flop:      38  out of     78    48%  
   Number with an unused LUT:             8  out of     78    10%  
   Number of fully used LUT-FF pairs:    32  out of     78    41%  
   Number of unique control sets:         3

IO Utilization: 
 Number of IOs:                          38
 Number of bonded IOBs:                  38  out of    210    18%  

Specific Feature Utilization:
 Number of BUFG/BUFGCTRLs:                1  out of     32     3%  

---------------------------
Partition Resource Summary:
---------------------------

  No Partitions were found in this design.

---------------------------


=========================================================================
Timing Report

NOTE: THESE TIMING NUMBERS ARE ONLY A SYNTHESIS ESTIMATE.
      FOR ACCURATE TIMING INFORMATION PLEASE REFER TO THE TRACE REPORT
      GENERATED AFTER PLACE-and-ROUTE.

Clock Information:
------------------
-----------------------------------+------------------------+-------+
Clock Signal                       | Clock buffer(FF name)  | Load  |
-----------------------------------+------------------------+-------+
clk                                | BUFGP                  | 40    |
-----------------------------------+------------------------+-------+

Asynchronous Control Signals Information:
----------------------------------------
No asynchronous control signals found in this design

Timing Summary:
---------------
Speed Grade: -3

   Minimum period: 3.567ns (Maximum Frequency: 280.340MHz)
   Minimum input arrival time before clock: 3.329ns
   Maximum output required time after clock: 1.272ns
   Maximum combinational path delay: 1.106ns

Timing Details:
---------------
All values displayed in nanoseconds (ns)

=========================================================================
Timing constraint: Default period analysis for Clock 'clk'
  Clock period: 3.567ns (frequency: 280.340MHz)
  Total number of paths / destination ports: 9046 / 53
-------------------------------------------------------------------------
Delay:               3.567ns (Levels of Logic = 29)
  Source:            control_rx/rx_fsm/CurrentState_0 (FF)
  Destination:       control_rx/rx_btc/bit_time_count_18 (FF)
  Source Clock:      clk rising
  Destination Clock: clk rising

  Data Path: control_rx/rx_fsm/CurrentState_0 to control_rx/rx_btc/bit_time_count_18
                                Gate     Net
    Cell:in->out      fanout   Delay   Delay  Logical Name (Net Name)
    ----------------------------------------  ------------
     FDC:C->Q             23   0.361   0.393  control_rx/rx_fsm/CurrentState_0 (control_rx/rx_fsm/CurrentState_0)
     LUT3:I2->O            1   0.097   0.511  control_rx/rx_btc/Mmux_mux_baud_count_out121 (control_rx/rx_btc/mux_baud_count_out<2>)
     LUT6:I3->O            1   0.097   0.000  control_rx/rx_btc/Mcompar_btu_lut<0> (control_rx/rx_btc/Mcompar_btu_lut<0>)
     MUXCY:S->O            1   0.353   0.000  control_rx/rx_btc/Mcompar_btu_cy<0> (control_rx/rx_btc/Mcompar_btu_cy<0>)
     MUXCY:CI->O           1   0.023   0.000  control_rx/rx_btc/Mcompar_btu_cy<1> (control_rx/rx_btc/Mcompar_btu_cy<1>)
     MUXCY:CI->O           1   0.023   0.000  control_rx/rx_btc/Mcompar_btu_cy<2> (control_rx/rx_btc/Mcompar_btu_cy<2>)
     MUXCY:CI->O           1   0.023   0.000  control_rx/rx_btc/Mcompar_btu_cy<3> (control_rx/rx_btc/Mcompar_btu_cy<3>)
     MUXCY:CI->O           1   0.023   0.000  control_rx/rx_btc/Mcompar_btu_cy<4> (control_rx/rx_btc/Mcompar_btu_cy<4>)
     MUXCY:CI->O           1   0.023   0.000  control_rx/rx_btc/Mcompar_btu_cy<5> (control_rx/rx_btc/Mcompar_btu_cy<5>)
     MUXCY:CI->O          24   0.023   0.398  control_rx/rx_btc/Mcompar_btu_cy<6> (w_btu)
     LUT3:I2->O            1   0.097   0.000  control_rx/rx_btc/Mcount_bit_time_count_lut<0> (control_rx/rx_btc/Mcount_bit_time_count_lut<0>)
     MUXCY:S->O            1   0.353   0.000  control_rx/rx_btc/Mcount_bit_time_count_cy<0> (control_rx/rx_btc/Mcount_bit_time_count_cy<0>)
     MUXCY:CI->O           1   0.023   0.000  control_rx/rx_btc/Mcount_bit_time_count_cy<1> (control_rx/rx_btc/Mcount_bit_time_count_cy<1>)
     MUXCY:CI->O           1   0.023   0.000  control_rx/rx_btc/Mcount_bit_time_count_cy<2> (control_rx/rx_btc/Mcount_bit_time_count_cy<2>)
     MUXCY:CI->O           1   0.023   0.000  control_rx/rx_btc/Mcount_bit_time_count_cy<3> (control_rx/rx_btc/Mcount_bit_time_count_cy<3>)
     MUXCY:CI->O           1   0.023   0.000  control_rx/rx_btc/Mcount_bit_time_count_cy<4> (control_rx/rx_btc/Mcount_bit_time_count_cy<4>)
     MUXCY:CI->O           1   0.023   0.000  control_rx/rx_btc/Mcount_bit_time_count_cy<5> (control_rx/rx_btc/Mcount_bit_time_count_cy<5>)
     MUXCY:CI->O           1   0.023   0.000  control_rx/rx_btc/Mcount_bit_time_count_cy<6> (control_rx/rx_btc/Mcount_bit_time_count_cy<6>)
     MUXCY:CI->O           1   0.023   0.000  control_rx/rx_btc/Mcount_bit_time_count_cy<7> (control_rx/rx_btc/Mcount_bit_time_count_cy<7>)
     MUXCY:CI->O           1   0.023   0.000  control_rx/rx_btc/Mcount_bit_time_count_cy<8> (control_rx/rx_btc/Mcount_bit_time_count_cy<8>)
     MUXCY:CI->O           1   0.023   0.000  control_rx/rx_btc/Mcount_bit_time_count_cy<9> (control_rx/rx_btc/Mcount_bit_time_count_cy<9>)
     MUXCY:CI->O           1   0.023   0.000  control_rx/rx_btc/Mcount_bit_time_count_cy<10> (control_rx/rx_btc/Mcount_bit_time_count_cy<10>)
     MUXCY:CI->O           1   0.023   0.000  control_rx/rx_btc/Mcount_bit_time_count_cy<11> (control_rx/rx_btc/Mcount_bit_time_count_cy<11>)
     MUXCY:CI->O           1   0.023   0.000  control_rx/rx_btc/Mcount_bit_time_count_cy<12> (control_rx/rx_btc/Mcount_bit_time_count_cy<12>)
     MUXCY:CI->O           1   0.023   0.000  control_rx/rx_btc/Mcount_bit_time_count_cy<13> (control_rx/rx_btc/Mcount_bit_time_count_cy<13>)
     MUXCY:CI->O           1   0.023   0.000  control_rx/rx_btc/Mcount_bit_time_count_cy<14> (control_rx/rx_btc/Mcount_bit_time_count_cy<14>)
     MUXCY:CI->O           1   0.023   0.000  control_rx/rx_btc/Mcount_bit_time_count_cy<15> (control_rx/rx_btc/Mcount_bit_time_count_cy<15>)
     MUXCY:CI->O           1   0.023   0.000  control_rx/rx_btc/Mcount_bit_time_count_cy<16> (control_rx/rx_btc/Mcount_bit_time_count_cy<16>)
     MUXCY:CI->O           0   0.023   0.000  control_rx/rx_btc/Mcount_bit_time_count_cy<17> (control_rx/rx_btc/Mcount_bit_time_count_cy<17>)
     XORCY:CI->O           1   0.370   0.000  control_rx/rx_btc/Mcount_bit_time_count_xor<18> (control_rx/rx_btc/Mcount_bit_time_count18)
     FDC:D                     0.008          control_rx/rx_btc/bit_time_count_18
    ----------------------------------------
    Total                      3.567ns (2.265ns logic, 1.302ns route)
                                       (63.5% logic, 36.5% route)

=========================================================================
Timing constraint: Default OFFSET IN BEFORE for Clock 'clk'
  Total number of paths / destination ports: 8403 / 81
-------------------------------------------------------------------------
Offset:              3.329ns (Levels of Logic = 30)
  Source:            k<3> (PAD)
  Destination:       control_rx/rx_btc/bit_time_count_18 (FF)
  Destination Clock: clk rising

  Data Path: k<3> to control_rx/rx_btc/bit_time_count_18
                                Gate     Net
    Cell:in->out      fanout   Delay   Delay  Logical Name (Net Name)
    ----------------------------------------  ------------
     IBUF:I->O             2   0.001   0.516  k_3_IBUF (k_3_IBUF)
     LUT3:I0->O            1   0.097   0.511  control_rx/rx_btc/Mmux_mux_baud_count_out121 (control_rx/rx_btc/mux_baud_count_out<2>)
     LUT6:I3->O            1   0.097   0.000  control_rx/rx_btc/Mcompar_btu_lut<0> (control_rx/rx_btc/Mcompar_btu_lut<0>)
     MUXCY:S->O            1   0.353   0.000  control_rx/rx_btc/Mcompar_btu_cy<0> (control_rx/rx_btc/Mcompar_btu_cy<0>)
     MUXCY:CI->O           1   0.023   0.000  control_rx/rx_btc/Mcompar_btu_cy<1> (control_rx/rx_btc/Mcompar_btu_cy<1>)
     MUXCY:CI->O           1   0.023   0.000  control_rx/rx_btc/Mcompar_btu_cy<2> (control_rx/rx_btc/Mcompar_btu_cy<2>)
     MUXCY:CI->O           1   0.023   0.000  control_rx/rx_btc/Mcompar_btu_cy<3> (control_rx/rx_btc/Mcompar_btu_cy<3>)
     MUXCY:CI->O           1   0.023   0.000  control_rx/rx_btc/Mcompar_btu_cy<4> (control_rx/rx_btc/Mcompar_btu_cy<4>)
     MUXCY:CI->O           1   0.023   0.000  control_rx/rx_btc/Mcompar_btu_cy<5> (control_rx/rx_btc/Mcompar_btu_cy<5>)
     MUXCY:CI->O          24   0.023   0.398  control_rx/rx_btc/Mcompar_btu_cy<6> (w_btu)
     LUT3:I2->O            1   0.097   0.000  control_rx/rx_btc/Mcount_bit_time_count_lut<0> (control_rx/rx_btc/Mcount_bit_time_count_lut<0>)
     MUXCY:S->O            1   0.353   0.000  control_rx/rx_btc/Mcount_bit_time_count_cy<0> (control_rx/rx_btc/Mcount_bit_time_count_cy<0>)
     MUXCY:CI->O           1   0.023   0.000  control_rx/rx_btc/Mcount_bit_time_count_cy<1> (control_rx/rx_btc/Mcount_bit_time_count_cy<1>)
     MUXCY:CI->O           1   0.023   0.000  control_rx/rx_btc/Mcount_bit_time_count_cy<2> (control_rx/rx_btc/Mcount_bit_time_count_cy<2>)
     MUXCY:CI->O           1   0.023   0.000  control_rx/rx_btc/Mcount_bit_time_count_cy<3> (control_rx/rx_btc/Mcount_bit_time_count_cy<3>)
     MUXCY:CI->O           1   0.023   0.000  control_rx/rx_btc/Mcount_bit_time_count_cy<4> (control_rx/rx_btc/Mcount_bit_time_count_cy<4>)
     MUXCY:CI->O           1   0.023   0.000  control_rx/rx_btc/Mcount_bit_time_count_cy<5> (control_rx/rx_btc/Mcount_bit_time_count_cy<5>)
     MUXCY:CI->O           1   0.023   0.000  control_rx/rx_btc/Mcount_bit_time_count_cy<6> (control_rx/rx_btc/Mcount_bit_time_count_cy<6>)
     MUXCY:CI->O           1   0.023   0.000  control_rx/rx_btc/Mcount_bit_time_count_cy<7> (control_rx/rx_btc/Mcount_bit_time_count_cy<7>)
     MUXCY:CI->O           1   0.023   0.000  control_rx/rx_btc/Mcount_bit_time_count_cy<8> (control_rx/rx_btc/Mcount_bit_time_count_cy<8>)
     MUXCY:CI->O           1   0.023   0.000  control_rx/rx_btc/Mcount_bit_time_count_cy<9> (control_rx/rx_btc/Mcount_bit_time_count_cy<9>)
     MUXCY:CI->O           1   0.023   0.000  control_rx/rx_btc/Mcount_bit_time_count_cy<10> (control_rx/rx_btc/Mcount_bit_time_count_cy<10>)
     MUXCY:CI->O           1   0.023   0.000  control_rx/rx_btc/Mcount_bit_time_count_cy<11> (control_rx/rx_btc/Mcount_bit_time_count_cy<11>)
     MUXCY:CI->O           1   0.023   0.000  control_rx/rx_btc/Mcount_bit_time_count_cy<12> (control_rx/rx_btc/Mcount_bit_time_count_cy<12>)
     MUXCY:CI->O           1   0.023   0.000  control_rx/rx_btc/Mcount_bit_time_count_cy<13> (control_rx/rx_btc/Mcount_bit_time_count_cy<13>)
     MUXCY:CI->O           1   0.023   0.000  control_rx/rx_btc/Mcount_bit_time_count_cy<14> (control_rx/rx_btc/Mcount_bit_time_count_cy<14>)
     MUXCY:CI->O           1   0.023   0.000  control_rx/rx_btc/Mcount_bit_time_count_cy<15> (control_rx/rx_btc/Mcount_bit_time_count_cy<15>)
     MUXCY:CI->O           1   0.023   0.000  control_rx/rx_btc/Mcount_bit_time_count_cy<16> (control_rx/rx_btc/Mcount_bit_time_count_cy<16>)
     MUXCY:CI->O           0   0.023   0.000  control_rx/rx_btc/Mcount_bit_time_count_cy<17> (control_rx/rx_btc/Mcount_bit_time_count_cy<17>)
     XORCY:CI->O           1   0.370   0.000  control_rx/rx_btc/Mcount_bit_time_count_xor<18> (control_rx/rx_btc/Mcount_bit_time_count18)
     FDC:D                     0.008          control_rx/rx_btc/bit_time_count_18
    ----------------------------------------
    Total                      3.329ns (1.905ns logic, 1.424ns route)
                                       (57.2% logic, 42.8% route)

=========================================================================
Timing constraint: Default OFFSET OUT AFTER for Clock 'clk'
  Total number of paths / destination ports: 27 / 12
-------------------------------------------------------------------------
Offset:              1.272ns (Levels of Logic = 2)
  Source:            datapath_rx/rx_shift_reg/data_out_7 (FF)
  Destination:       data_to_TB<6> (PAD)
  Source Clock:      clk rising

  Data Path: datapath_rx/rx_shift_reg/data_out_7 to data_to_TB<6>
                                Gate     Net
    Cell:in->out      fanout   Delay   Delay  Logical Name (Net Name)
    ----------------------------------------  ------------
     FDCE:C->Q             5   0.361   0.530  datapath_rx/rx_shift_reg/data_out_7 (datapath_rx/rx_shift_reg/data_out_7)
     LUT5:I2->O            2   0.097   0.283  datapath_rx/Mmux_w_p_gen_mux171 (data_to_TB_6_OBUF)
     OBUF:I->O                 0.000          data_to_TB_6_OBUF (data_to_TB<6>)
    ----------------------------------------
    Total                      1.272ns (0.458ns logic, 0.814ns route)
                                       (36.0% logic, 64.0% route)

=========================================================================
Timing constraint: Default path analysis
  Total number of paths / destination ports: 16 / 8
-------------------------------------------------------------------------
Delay:               1.106ns (Levels of Logic = 3)
  Source:            eight (PAD)
  Destination:       data_to_TB<6> (PAD)

  Data Path: eight to data_to_TB<6>
                                Gate     Net
    Cell:in->out      fanout   Delay   Delay  Logical Name (Net Name)
    ----------------------------------------  ------------
     IBUF:I->O            10   0.001   0.725  eight_IBUF (eight_IBUF)
     LUT5:I0->O            2   0.097   0.283  datapath_rx/Mmux_w_p_gen_mux131 (data_to_TB_2_OBUF)
     OBUF:I->O                 0.000          data_to_TB_2_OBUF (data_to_TB<2>)
    ----------------------------------------
    Total                      1.106ns (0.098ns logic, 1.008ns route)
                                       (8.9% logic, 91.1% route)

=========================================================================

Cross Clock Domains Report:
--------------------------

Clock to Setup on destination clock clk
---------------+---------+---------+---------+---------+
               | Src:Rise| Src:Fall| Src:Rise| Src:Fall|
Source Clock   |Dest:Rise|Dest:Rise|Dest:Fall|Dest:Fall|
---------------+---------+---------+---------+---------+
clk            |    3.567|         |         |         |
---------------+---------+---------+---------+---------+

=========================================================================


Total REAL time to Xst completion: 8.00 secs
Total CPU time to Xst completion: 8.70 secs
 
--> 

Total memory usage is 4639176 kilobytes

Number of errors   :    0 (   0 filtered)
Number of warnings :    0 (   0 filtered)
Number of infos    :    1 (   0 filtered)

