Release 14.7 - xst P.20131013 (nt64)
Copyright (c) 1995-2013 Xilinx, Inc.  All rights reserved.
--> Parameter TMPDIR set to xst/projnav.tmp


Total REAL time to Xst completion: 0.00 secs
Total CPU time to Xst completion: 0.09 secs
 
--> Parameter xsthdpdir set to xst


Total REAL time to Xst completion: 0.00 secs
Total CPU time to Xst completion: 0.09 secs
 
--> Reading design: Tx_shift_register.prj

TABLE OF CONTENTS
  1) Synthesis Options Summary
  2) HDL Parsing
  3) HDL Elaboration
  4) HDL Synthesis
       4.1) HDL Synthesis Report
  5) Advanced HDL Synthesis
       5.1) Advanced HDL Synthesis Report
  6) Low Level Synthesis
  7) Partition Report
  8) Design Summary
       8.1) Primitive and Black Box Usage
       8.2) Device utilization summary
       8.3) Partition Resource Summary
       8.4) Timing Report
            8.4.1) Clock Information
            8.4.2) Asynchronous Control Signals Information
            8.4.3) Timing Summary
            8.4.4) Timing Details
            8.4.5) Cross Clock Domains Report


=========================================================================
*                      Synthesis Options Summary                        *
=========================================================================
---- Source Parameters
Input File Name                    : "Tx_shift_register.prj"
Ignore Synthesis Constraint File   : NO

---- Target Parameters
Output File Name                   : "Tx_shift_register"
Output Format                      : NGC
Target Device                      : xc7a100t-3-csg324

---- Source Options
Top Module Name                    : Tx_shift_register
Automatic FSM Extraction           : YES
FSM Encoding Algorithm             : Auto
Safe Implementation                : No
FSM Style                          : LUT
RAM Extraction                     : Yes
RAM Style                          : Auto
ROM Extraction                     : Yes
Shift Register Extraction          : YES
ROM Style                          : Auto
Resource Sharing                   : YES
Asynchronous To Synchronous        : NO
Shift Register Minimum Size        : 2
Use DSP Block                      : Auto
Automatic Register Balancing       : No

---- Target Options
LUT Combining                      : Auto
Reduce Control Sets                : Auto
Add IO Buffers                     : YES
Global Maximum Fanout              : 100000
Add Generic Clock Buffer(BUFG)     : 32
Register Duplication               : YES
Optimize Instantiated Primitives   : NO
Use Clock Enable                   : Auto
Use Synchronous Set                : Auto
Use Synchronous Reset              : Auto
Pack IO Registers into IOBs        : Auto
Equivalent register Removal        : YES

---- General Options
Optimization Goal                  : Speed
Optimization Effort                : 1
Power Reduction                    : NO
Keep Hierarchy                     : No
Netlist Hierarchy                  : As_Optimized
RTL Output                         : Yes
Global Optimization                : AllClockNets
Read Cores                         : YES
Write Timing Constraints           : NO
Cross Clock Analysis               : NO
Hierarchy Separator                : /
Bus Delimiter                      : <>
Case Specifier                     : Maintain
Slice Utilization Ratio            : 100
BRAM Utilization Ratio             : 100
DSP48 Utilization Ratio            : 100
Auto BRAM Packing                  : NO
Slice Utilization Ratio Delta      : 5

---- Other Options
Cores Search Directories           : {"ipcore_dir"  }

=========================================================================


=========================================================================
*                          HDL Parsing                                  *
=========================================================================
Analyzing Verilog file "D:\CSULB_Classes\CECS_460\Projects\Project_4\Project_Full_UART_TSI\UART\Tx_shift_register.v" into library work
Parsing module <Tx_shift_register>.

=========================================================================
*                            HDL Elaboration                            *
=========================================================================

Elaborating module <Tx_shift_register>.

=========================================================================
*                           HDL Synthesis                               *
=========================================================================

Synthesizing Unit <Tx_shift_register>.
    Related source file is "D:\CSULB_Classes\CECS_460\Projects\Project_4\Project_Full_UART_TSI\UART\Tx_shift_register.v".
    Found 11-bit register for signal <shift_reg>.
    Summary:
	inferred  11 D-type flip-flop(s).
	inferred   1 Multiplexer(s).
Unit <Tx_shift_register> synthesized.

=========================================================================
HDL Synthesis Report

Macro Statistics
# Registers                                            : 1
 11-bit register                                       : 1
# Multiplexers                                         : 1
 11-bit 2-to-1 multiplexer                             : 1

=========================================================================

=========================================================================
*                       Advanced HDL Synthesis                          *
=========================================================================


=========================================================================
Advanced HDL Synthesis Report

Macro Statistics
# Registers                                            : 11
 Flip-Flops                                            : 11
# Multiplexers                                         : 1
 11-bit 2-to-1 multiplexer                             : 1

=========================================================================

=========================================================================
*                         Low Level Synthesis                           *
=========================================================================

Optimizing unit <Tx_shift_register> ...

Mapping all equations...
Building and optimizing final netlist ...
Found area constraint ratio of 100 (+ 5) on block Tx_shift_register, actual ratio is 0.

Final Macro Processing ...

=========================================================================
Final Register Report

Macro Statistics
# Registers                                            : 11
 Flip-Flops                                            : 11

=========================================================================

=========================================================================
*                           Partition Report                            *
=========================================================================

Partition Implementation Status
-------------------------------

  No Partitions were found in this design.

-------------------------------

=========================================================================
*                            Design Summary                             *
=========================================================================

Top Level Output File Name         : Tx_shift_register.ngc

Primitive and Black Box Usage:
------------------------------
# BELS                             : 12
#      LUT2                        : 2
#      LUT3                        : 10
# FlipFlops/Latches                : 11
#      FDPE                        : 11
# Clock Buffers                    : 1
#      BUFGP                       : 1
# IO Buffers                       : 15
#      IBUF                        : 14
#      OBUF                        : 1

Device utilization summary:
---------------------------

Selected Device : 7a100tcsg324-3 


Slice Logic Utilization: 
 Number of Slice Registers:              11  out of  126800     0%  
 Number of Slice LUTs:                   12  out of  63400     0%  
    Number used as Logic:                12  out of  63400     0%  

Slice Logic Distribution: 
 Number of LUT Flip Flop pairs used:     12
   Number with an unused Flip Flop:       1  out of     12     8%  
   Number with an unused LUT:             0  out of     12     0%  
   Number of fully used LUT-FF pairs:    11  out of     12    91%  
   Number of unique control sets:         1

IO Utilization: 
 Number of IOs:                          16
 Number of bonded IOBs:                  16  out of    210     7%  

Specific Feature Utilization:
 Number of BUFG/BUFGCTRLs:                1  out of     32     3%  

---------------------------
Partition Resource Summary:
---------------------------

  No Partitions were found in this design.

---------------------------


=========================================================================
Timing Report

NOTE: THESE TIMING NUMBERS ARE ONLY A SYNTHESIS ESTIMATE.
      FOR ACCURATE TIMING INFORMATION PLEASE REFER TO THE TRACE REPORT
      GENERATED AFTER PLACE-and-ROUTE.

Clock Information:
------------------
-----------------------------------+------------------------+-------+
Clock Signal                       | Clock buffer(FF name)  | Load  |
-----------------------------------+------------------------+-------+
clk                                | BUFGP                  | 11    |
-----------------------------------+------------------------+-------+

Asynchronous Control Signals Information:
----------------------------------------
No asynchronous control signals found in this design

Timing Summary:
---------------
Speed Grade: -3

   Minimum period: 0.761ns (Maximum Frequency: 1313.543MHz)
   Minimum input arrival time before clock: 0.948ns
   Maximum output required time after clock: 0.640ns
   Maximum combinational path delay: No path found

Timing Details:
---------------
All values displayed in nanoseconds (ns)

=========================================================================
Timing constraint: Default period analysis for Clock 'clk'
  Clock period: 0.761ns (frequency: 1313.543MHz)
  Total number of paths / destination ports: 10 / 10
-------------------------------------------------------------------------
Delay:               0.761ns (Levels of Logic = 1)
  Source:            shift_reg_1 (FF)
  Destination:       shift_reg_0 (FF)
  Source Clock:      clk rising
  Destination Clock: clk rising

  Data Path: shift_reg_1 to shift_reg_0
                                Gate     Net
    Cell:in->out      fanout   Delay   Delay  Logical Name (Net Name)
    ----------------------------------------  ------------
     FDPE:C->Q             1   0.361   0.295  shift_reg_1 (shift_reg_1)
     LUT3:I2->O            1   0.097   0.000  Mmux_shift_reg[10]_data_in[10]_mux_1_OUT11 (shift_reg[10]_data_in[10]_mux_1_OUT<0>)
     FDPE:D                    0.008          shift_reg_0
    ----------------------------------------
    Total                      0.761ns (0.466ns logic, 0.295ns route)
                                       (61.2% logic, 38.8% route)

=========================================================================
Timing constraint: Default OFFSET IN BEFORE for Clock 'clk'
  Total number of paths / destination ports: 55 / 33
-------------------------------------------------------------------------
Offset:              0.948ns (Levels of Logic = 2)
  Source:            load (PAD)
  Destination:       shift_reg_0 (FF)
  Destination Clock: clk rising

  Data Path: load to shift_reg_0
                                Gate     Net
    Cell:in->out      fanout   Delay   Delay  Logical Name (Net Name)
    ----------------------------------------  ------------
     IBUF:I->O            12   0.001   0.430  load_IBUF (load_IBUF)
     LUT2:I0->O           11   0.097   0.326  _n0012_inv1 (_n0012_inv)
     FDPE:CE                   0.095          shift_reg_0
    ----------------------------------------
    Total                      0.948ns (0.193ns logic, 0.755ns route)
                                       (20.4% logic, 79.6% route)

=========================================================================
Timing constraint: Default OFFSET OUT AFTER for Clock 'clk'
  Total number of paths / destination ports: 1 / 1
-------------------------------------------------------------------------
Offset:              0.640ns (Levels of Logic = 1)
  Source:            shift_reg_0 (FF)
  Destination:       sdo (PAD)
  Source Clock:      clk rising

  Data Path: shift_reg_0 to sdo
                                Gate     Net
    Cell:in->out      fanout   Delay   Delay  Logical Name (Net Name)
    ----------------------------------------  ------------
     FDPE:C->Q             1   0.361   0.279  shift_reg_0 (shift_reg_0)
     OBUF:I->O                 0.000          sdo_OBUF (sdo)
    ----------------------------------------
    Total                      0.640ns (0.361ns logic, 0.279ns route)
                                       (56.4% logic, 43.6% route)

=========================================================================

Cross Clock Domains Report:
--------------------------

Clock to Setup on destination clock clk
---------------+---------+---------+---------+---------+
               | Src:Rise| Src:Fall| Src:Rise| Src:Fall|
Source Clock   |Dest:Rise|Dest:Rise|Dest:Fall|Dest:Fall|
---------------+---------+---------+---------+---------+
clk            |    0.761|         |         |         |
---------------+---------+---------+---------+---------+

=========================================================================


Total REAL time to Xst completion: 8.00 secs
Total CPU time to Xst completion: 8.35 secs
 
--> 

Total memory usage is 4639160 kilobytes

Number of errors   :    0 (   0 filtered)
Number of warnings :    0 (   0 filtered)
Number of infos    :    0 (   0 filtered)

